#
# A fatal error has been detected by the Java Runtime Environment:
#
#  EXCEPTION_ACCESS_VIOLATION (0xc0000005) at pc=0x00007fffa2c69670, pid=1868, tid=8392
#
# JRE version: OpenJDK Runtime Environment (11.0.2+9) (build 11.0.2+9)
# Java VM: OpenJDK 64-Bit Server VM (11.0.2+9, mixed mode, tiered, compressed oops, g1 gc, windows-amd64)
# Problematic frame:
# C  0x00007fffa2c69670
#
# No core dump will be written. Minidumps are not enabled by default on client versions of Windows
#
# If you would like to submit a bug report, please visit:
#   http://bugreport.java.com/bugreport/crash.jsp
# The crash happened outside the Java Virtual Machine in native code.
# See problematic frame for where to report the bug.
#

---------------  S U M M A R Y ------------

Command Line: -Dsun.java2d.pmoffscreen=false -Dhttps.protocols=TLSv1,TLSv1.1,TLSv1.2 -Dsun.java2d.xrender=false -Dsun.java2d.d3d=false -Dsun.awt.nopixfmt=true -Dsun.java2d.dpiaware=true -Dsun.java2d.uiScale.enabled=false -Xverify:none -Dswing.aatext=true -XX:-UsePerfData -Djdk.map.althashing.threshold=512 -XX:StringTableSize=4072 --add-opens=java.base/java.nio=ALL-UNNAMED --add-opens=java.desktop/sun.swing=ALL-UNNAMED --add-opens=java.desktop/javax.swing=ALL-UNNAMED --add-opens=java.desktop/javax.swing.tree=ALL-UNNAMED --add-opens=java.desktop/javax.swing.plaf.basic=ALL-UNNAMED --add-opens=java.desktop/javax.swing.plaf.synth=ALL-UNNAMED --add-opens=java.desktop/com.sun.awt=ALL-UNNAMED -XX:NewSize=60m -XX:MaxNewSize=60m -Xms128m -Xmx3072m -Xss5m 

Host: Intel(R) Core(TM) i5-6200U CPU @ 2.30GHz, 4 cores, 15G,  Windows 10 , 64 bit Build 19041 (10.0.19041.1566)
Time: Wed Mar 30 10:33:50 2022 W. Europe Daylight Time elapsed time: 1034 seconds (0d 0h 17m 14s)

---------------  T H R E A D  ---------------

Current thread (0x000001c81caa8000):  JavaThread "AWT-EventQueue-0" [_thread_in_native, id=8392, stack(0x00000071abf00000,0x00000071ac400000)]

Stack: [0x00000071abf00000,0x00000071ac400000],  sp=0x00000071ac3f3208,  free space=5068k
Native frames: (J=compiled Java code, j=interpreted, Vv=VM code, C=native code)
C  0x00007fffa2c69670

Java frames: (J=compiled Java code, j=interpreted, Vv=VM code)
j  ui.views.waveform.waveformi.WVExecutive_getGraphicsDataSize(J)J+0
j  ui.views.waveform.executive.a.klK()Ljava/io/ByteArrayInputStream;+8
j  ui.views.waveform.b.a.klh()V+7
j  ui.views.waveform.b.a.jty()V+1
j  ui.views.waveform.m.kkr()V+4
j  ui.views.waveform.m.Ii(Z)V+11
j  ui.views.waveform.w.aH(ZZ)V+30
j  ui.views.waveform.c.b.j(Lui/frmwork/a/l;)V+94
j  ui.views.waveform.w.handleTclEvent(Lui/frmwork/a/l;)V+13
J 15742 c1 ui.frmwork.a.o.c(Lui/frmwork/a/l;)V (61 bytes) @ 0x000001c8236a350c [0x000001c8236a2b60+0x00000000000009ac]
J 15727 c1 ui.frmwork.E.i(JZ)V (471 bytes) @ 0x000001c824318f3c [0x000001c824314dc0+0x000000000000417c]
J 15728 c1 ui.frmwork.E.fireTclEvent(J)I (113 bytes) @ 0x000001c823b5ca94 [0x000001c823b5c2c0+0x00000000000007d4]
v  ~StubRoutines::call_stub
j  ui.views.waveform.waveformi.WVExecutive_processModelEvent(JJ)V+0
j  ui.views.waveform.executive.a.gb(J)V+5
j  ui.views.waveform.c.b.ga(J)V+8
j  ui.views.waveform.c.b.j(Lui/frmwork/a/l;)V+127
j  ui.views.waveform.w.handleTclEvent(Lui/frmwork/a/l;)V+13
J 15742 c1 ui.frmwork.a.o.c(Lui/frmwork/a/l;)V (61 bytes) @ 0x000001c8236a350c [0x000001c8236a2b60+0x00000000000009ac]
J 15727 c1 ui.frmwork.E.i(JZ)V (471 bytes) @ 0x000001c824318f3c [0x000001c824314dc0+0x000000000000417c]
J 15728 c1 ui.frmwork.E.fireTclEvent(J)I (113 bytes) @ 0x000001c823b5ca94 [0x000001c823b5c2c0+0x00000000000007d4]
v  ~StubRoutines::call_stub
j  ui.views.waveform.waveformi.WVExecutive_processModelEvent(JJ)V+0
j  ui.views.waveform.executive.a.gb(J)V+5
j  ui.views.waveform.c.b.ga(J)V+8
j  ui.views.waveform.c.e.actionPerformed(Ljava/awt/event/ActionEvent;)V+8
J 14760 c2 javax.swing.Timer.fireActionPerformed(Ljava/awt/event/ActionEvent;)V java.desktop@11.0.2 (46 bytes) @ 0x000001c82ab022e0 [0x000001c82ab021c0+0x0000000000000120]
J 15807 c1 javax.swing.Timer$DoPostEvent.run()V java.desktop@11.0.2 (82 bytes) @ 0x000001c8238af514 [0x000001c8238aed60+0x00000000000007b4]
J 14229 c2 java.awt.event.InvocationEvent.dispatch()V java.desktop@11.0.2 (69 bytes) @ 0x000001c82a3aa31c [0x000001c82a3aa2c0+0x000000000000005c]
J 13576 c2 java.awt.EventQueue$4.run()Ljava/lang/Object; java.desktop@11.0.2 (5 bytes) @ 0x000001c82a9f5a9c [0x000001c82a9f59e0+0x00000000000000bc]
v  ~StubRoutines::call_stub
J 4250  java.security.AccessController.doPrivileged(Ljava/security/PrivilegedAction;Ljava/security/AccessControlContext;)Ljava/lang/Object; java.base@11.0.2 (0 bytes) @ 0x000001c82a2d8836 [0x000001c82a2d87c0+0x0000000000000076]
J 13465 c2 ui.frmwork.a.d.dispatchEvent(Ljava/awt/AWTEvent;)V (42 bytes) @ 0x000001c82a9cd964 [0x000001c82a9cd300+0x0000000000000664]
J 15129 c2 java.awt.EventDispatchThread.pumpOneEventForFilters(I)V java.desktop@11.0.2 (113 bytes) @ 0x000001c82abb75a8 [0x000001c82abb7120+0x0000000000000488]
j  java.awt.EventDispatchThread.pumpEventsForFilter(ILjava/awt/Conditional;Ljava/awt/EventFilter;)V+35 java.desktop@11.0.2
j  java.awt.EventDispatchThread.pumpEventsForFilter(Ljava/awt/Conditional;Ljava/awt/EventFilter;)V+4 java.desktop@11.0.2
j  java.awt.WaitDispatchSupport$2.run()V+59 java.desktop@11.0.2
j  java.awt.WaitDispatchSupport$4.run()Ljava/lang/Void;+4 java.desktop@11.0.2
j  java.awt.WaitDispatchSupport$4.run()Ljava/lang/Object;+1 java.desktop@11.0.2
v  ~StubRoutines::call_stub
J 982  java.security.AccessController.doPrivileged(Ljava/security/PrivilegedAction;)Ljava/lang/Object; java.base@11.0.2 (0 bytes) @ 0x000001c82a113822 [0x000001c82a1137c0+0x0000000000000062]
j  java.awt.WaitDispatchSupport.enter()Z+260 java.desktop@11.0.2
j  java.awt.Dialog.show()V+224 java.desktop@11.0.2
J 6830 c1 java.awt.Component.setVisible(Z)V java.desktop@11.0.2 (6 bytes) @ 0x000001c823abb9e4 [0x000001c823abb7e0+0x0000000000000204]
j  java.awt.Window.setVisible(Z)V+2 java.desktop@11.0.2
j  java.awt.Dialog.setVisible(Z)V+2 java.desktop@11.0.2
j  ui.dlg.c.g.setVisible(Z)V+2
j  ui.dlg.c.bz.bIi()V+64
j  ui.dlg.c.bI.actionPerformed(Ljava/awt/event/ActionEvent;)V+8
j  ui.dlg.c.bz.fud()V+388
j  ui.views.c.t.b.a.run()V+60
j  ui.frmwork.cmd.a.hsT()Z+66
j  ui.frmwork.cmd.d.htb()V+42
j  ui.bm.actionPerformed(Ljava/awt/event/ActionEvent;)V+25
j  javax.swing.AbstractButton.fireActionPerformed(Ljava/awt/event/ActionEvent;)V+83 java.desktop@11.0.2
j  ui.utils.swing.b.E.fireActionPerformed(Ljava/awt/event/ActionEvent;)V+7
j  javax.swing.AbstractButton$Handler.actionPerformed(Ljava/awt/event/ActionEvent;)V+5 java.desktop@11.0.2
j  javax.swing.DefaultButtonModel.fireActionPerformed(Ljava/awt/event/ActionEvent;)V+34 java.desktop@11.0.2
j  javax.swing.DefaultButtonModel.setPressed(Z)V+117 java.desktop@11.0.2
j  javax.swing.plaf.basic.BasicButtonListener.mouseReleased(Ljava/awt/event/MouseEvent;)V+35 java.desktop@11.0.2
j  com.jidesoft.plaf.basic.BasicJideButtonListener.mouseReleased(Ljava/awt/event/MouseEvent;)V+61
J 15420 c1 java.awt.AWTEventMulticaster.mouseReleased(Ljava/awt/event/MouseEvent;)V java.desktop@11.0.2 (27 bytes) @ 0x000001c822e215ac [0x000001c822e21380+0x000000000000022c]
J 15420 c1 java.awt.AWTEventMulticaster.mouseReleased(Ljava/awt/event/MouseEvent;)V java.desktop@11.0.2 (27 bytes) @ 0x000001c822e215ac [0x000001c822e21380+0x000000000000022c]
J 15420 c1 java.awt.AWTEventMulticaster.mouseReleased(Ljava/awt/event/MouseEvent;)V java.desktop@11.0.2 (27 bytes) @ 0x000001c822e215ac [0x000001c822e21380+0x000000000000022c]
J 15420 c1 java.awt.AWTEventMulticaster.mouseReleased(Ljava/awt/event/MouseEvent;)V java.desktop@11.0.2 (27 bytes) @ 0x000001c822e215ac [0x000001c822e21380+0x000000000000022c]
J 14520 c1 java.awt.Component.processMouseEvent(Ljava/awt/event/MouseEvent;)V java.desktop@11.0.2 (100 bytes) @ 0x000001c8231e7bbc [0x000001c8231e7740+0x000000000000047c]
J 14519 c1 javax.swing.JComponent.processMouseEvent(Ljava/awt/event/MouseEvent;)V java.desktop@11.0.2 (27 bytes) @ 0x000001c82315c6f4 [0x000001c82315c4e0+0x0000000000000214]
J 12673 c1 java.awt.Component.processEvent(Ljava/awt/AWTEvent;)V java.desktop@11.0.2 (220 bytes) @ 0x000001c823c7d454 [0x000001c823c7ce00+0x0000000000000654]
J 15367 c1 java.awt.Container.processEvent(Ljava/awt/AWTEvent;)V java.desktop@11.0.2 (22 bytes) @ 0x000001c822bf13dc [0x000001c822bf1080+0x000000000000035c]
J 17174 c1 java.awt.Component.dispatchEventImpl(Ljava/awt/AWTEvent;)V java.desktop@11.0.2 (777 bytes) @ 0x000001c824c297c4 [0x000001c824c25800+0x0000000000003fc4]
J 17145 c2 java.awt.Container.dispatchEventImpl(Ljava/awt/AWTEvent;)V java.desktop@11.0.2 (129 bytes) @ 0x000001c82ae4bb38 [0x000001c82ae4bae0+0x0000000000000058]
J 16849 c1 java.awt.LightweightDispatcher.retargetMouseEvent(Ljava/awt/Component;ILjava/awt/event/MouseEvent;)V java.desktop@11.0.2 (372 bytes) @ 0x000001c824a83eb4 [0x000001c824a818e0+0x00000000000025d4]
J 16896 c1 java.awt.LightweightDispatcher.processMouseEvent(Ljava/awt/event/MouseEvent;)Z java.desktop@11.0.2 (265 bytes) @ 0x000001c8249af97c [0x000001c8249ae960+0x000000000000101c]
J 17145 c2 java.awt.Container.dispatchEventImpl(Ljava/awt/AWTEvent;)V java.desktop@11.0.2 (129 bytes) @ 0x000001c82ae4be88 [0x000001c82ae4bae0+0x00000000000003a8]
J 15146 c2 java.awt.Window.dispatchEventImpl(Ljava/awt/AWTEvent;)V java.desktop@11.0.2 (23 bytes) @ 0x000001c82abc440c [0x000001c82abc43c0+0x000000000000004c]
J 13576 c2 java.awt.EventQueue$4.run()Ljava/lang/Object; java.desktop@11.0.2 (5 bytes) @ 0x000001c82a9f5b2c [0x000001c82a9f59e0+0x000000000000014c]
v  ~StubRoutines::call_stub
J 4250  java.security.AccessController.doPrivileged(Ljava/security/PrivilegedAction;Ljava/security/AccessControlContext;)Ljava/lang/Object; java.base@11.0.2 (0 bytes) @ 0x000001c82a2d8836 [0x000001c82a2d87c0+0x0000000000000076]
J 14654 c2 java.awt.EventQueue$5.run()Ljava/lang/Object; java.desktop@11.0.2 (5 bytes) @ 0x000001c82aadfbf4 [0x000001c82aadf980+0x0000000000000274]
v  ~StubRoutines::call_stub
J 4250  java.security.AccessController.doPrivileged(Ljava/security/PrivilegedAction;Ljava/security/AccessControlContext;)Ljava/lang/Object; java.base@11.0.2 (0 bytes) @ 0x000001c82a2d8836 [0x000001c82a2d87c0+0x0000000000000076]
J 13465 c2 ui.frmwork.a.d.dispatchEvent(Ljava/awt/AWTEvent;)V (42 bytes) @ 0x000001c82a9cd778 [0x000001c82a9cd300+0x0000000000000478]
J 15129 c2 java.awt.EventDispatchThread.pumpOneEventForFilters(I)V java.desktop@11.0.2 (113 bytes) @ 0x000001c82abb75a8 [0x000001c82abb7120+0x0000000000000488]
j  java.awt.EventDispatchThread.pumpEventsForFilter(ILjava/awt/Conditional;Ljava/awt/EventFilter;)V+35 java.desktop@11.0.2
j  java.awt.EventDispatchThread.pumpEventsForHierarchy(ILjava/awt/Conditional;Ljava/awt/Component;)V+11 java.desktop@11.0.2
j  java.awt.EventDispatchThread.pumpEvents(ILjava/awt/Conditional;)V+4 java.desktop@11.0.2
j  java.awt.EventDispatchThread.pumpEvents(Ljava/awt/Conditional;)V+3 java.desktop@11.0.2
j  java.awt.EventDispatchThread.run()V+9 java.desktop@11.0.2
v  ~StubRoutines::call_stub

siginfo: EXCEPTION_ACCESS_VIOLATION (0xc0000005), data execution prevention violation at address 0x00007fffa2c69670


Register to memory mapping:

RIP=0x00007fffa2c69670 points into unknown readable memory: 01 00 00 00 00 00 00 00
RAX=0x000001c836004a50 points into unknown readable memory: d8 84 28 9b ff 7f 00 00
RBX=0x000001c83b3ffd80 points into unknown readable memory: 20 07 c1 a2 ff 7f 00 00
RCX=0x000001c83b3ffd80 points into unknown readable memory: 20 07 c1 a2 ff 7f 00 00
RDX=0x000001c83b3ffd80 points into unknown readable memory: 20 07 c1 a2 ff 7f 00 00
RSP=0x00000071ac3f3208 is pointing into the stack for thread: 0x000001c81caa8000
RBP=0x00000071ac3f32e9 is pointing into the stack for thread: 0x000001c81caa8000
RSI=0x000000000001fa27 is an unknown value
RDI=0x000001c8324f2030 points into unknown readable memory: 30 07 c1 a2 ff 7f 00 00
R8 =0x0 is NULL
R9 =0x000000000001fa27 is an unknown value
R10=0x00007fffa2c10720 points into unknown readable memory: 00 88 87 a2 ff 7f 00 00
R11=0x0000000000000358 is an unknown value
R12=0x0 is NULL
R13=0x0000000000000010 is an unknown value
R14=0x000001c836004a50 points into unknown readable memory: d8 84 28 9b ff 7f 00 00
R15=0x0 is NULL


Registers:
RAX=0x000001c836004a50, RBX=0x000001c83b3ffd80, RCX=0x000001c83b3ffd80, RDX=0x000001c83b3ffd80
RSP=0x00000071ac3f3208, RBP=0x00000071ac3f32e9, RSI=0x000000000001fa27, RDI=0x000001c8324f2030
R8 =0x0000000000000000, R9 =0x000000000001fa27, R10=0x00007fffa2c10720, R11=0x0000000000000358
R12=0x0000000000000000, R13=0x0000000000000010, R14=0x000001c836004a50, R15=0x0000000000000000
RIP=0x00007fffa2c69670, EFLAGS=0x0000000000010206

Top of Stack: (sp=0x00000071ac3f3208)
0x00000071ac3f3208:   00007fffa293eaa6 0000000000000004
0x00000071ac3f3218:   00000071ac3f3340 00000071ac3f3528
0x00000071ac3f3228:   0000000000000000 00007fffa2db4e30
0x00000071ac3f3238:   000001c83a699510 0000000000000002
0x00000071ac3f3248:   000001c81cafe0b8 000001c800000000
0x00000071ac3f3258:   00007ff82cf747b1 0000000000000004
0x00000071ac3f3268:   000001c802100000 0000000000000000
0x00000071ac3f3278:   0000000000000000 0000000000000000
0x00000071ac3f3288:   000001c81cafe0b8 00000071ac3f3338
0x00000071ac3f3298:   00007ff82a88f05b fffffffffffffffe
0x00000071ac3f32a8:   000001c832aeb0f0 0000000000000010
0x00000071ac3f32b8:   0000000000000000 0000000000000004
0x00000071ac3f32c8:   0000000000000010 00000071ac3f3440
0x00000071ac3f32d8:   00007fffa2909a43 0000000000000000
0x00000071ac3f32e8:   00007fffa2b44385 0000f494803c3b0c
0x00000071ac3f32f8:   fffffffffffffffe 000001c83a66db78 

Instructions: (pc=0x00007fffa2c69670)
0x00007fffa2c69650:   00 00 00 00 ff ff ff ff 00 00 00 00 40 00 00 00
0x00007fffa2c69660:   20 96 43 00 00 00 00 00 00 00 00 00 00 00 00 00
0x00007fffa2c69670:   01 00 00 00 00 00 00 00 00 00 00 00 a0 19 57 00
0x00007fffa2c69680:   98 96 43 00 70 96 43 00 00 00 00 00 00 00 00 00 


Stack slot to memory mapping:
stack at sp + 0 slots: 0x00007fffa293eaa6 points into unknown readable memory: 83 f8
stack at sp + 1 slots: 0x0000000000000004 is an unknown value
stack at sp + 2 slots: 0x00000071ac3f3340 is pointing into the stack for thread: 0x000001c81caa8000
stack at sp + 3 slots: 0x00000071ac3f3528 is pointing into the stack for thread: 0x000001c81caa8000
stack at sp + 4 slots: 0x0 is NULL
stack at sp + 5 slots: 0x00007fffa2db4e30 points into unknown readable memory: 02 01 00 00 00 00 00 00
stack at sp + 6 slots: 0x000001c83a699510 points into unknown readable memory: 88 23 c2 a2 ff 7f 00 00
stack at sp + 7 slots: 0x0000000000000002 is an unknown value


---------------  P R O C E S S  ---------------

Threads class SMR info:
_java_thread_list=0x000001c840da4c20, length=34, elements={
0x000001c8079c2800, 0x000001c82191e000, 0x000001c821fff800, 0x000001c805eab800,
0x000001c809182800, 0x000001c83d7f2800, 0x000001c83d7f3000, 0x000001c822054800,
0x000001c804869800, 0x000001c80486a000, 0x000001c809bed000, 0x000001c809ae9000,
0x000001c809bed800, 0x000001c81cbd9800, 0x000001c81caa8000, 0x000001c81c9b1000,
0x000001c81d204000, 0x000001c81d270800, 0x000001c81cdb3000, 0x000001c81cdb5800,
0x000001c81cdb1000, 0x000001c81cdb7000, 0x000001c81cdb2000, 0x000001c83332a000,
0x000001c83332a800, 0x000001c83332b800, 0x000001c83332c000, 0x000001c833328000,
0x000001c833326800, 0x000001c833325000, 0x000001c833332000, 0x000001c83332e000,
0x000001c833331000, 0x000001c81cdb8000
}

Java Threads: ( => current thread )
  0x000001c8079c2800 JavaThread "main" [_thread_blocked, id=12168, stack(0x00000071a7800000,0x00000071a7900000)]
  0x000001c82191e000 JavaThread "Reference Handler" daemon [_thread_blocked, id=10100, stack(0x00000071a7f00000,0x00000071a8400000)]
  0x000001c821fff800 JavaThread "Finalizer" daemon [_thread_blocked, id=10568, stack(0x00000071a8400000,0x00000071a8900000)]
  0x000001c805eab800 JavaThread "Signal Dispatcher" daemon [_thread_blocked, id=11428, stack(0x00000071a8900000,0x00000071a8e00000)]
  0x000001c809182800 JavaThread "Attach Listener" daemon [_thread_blocked, id=11660, stack(0x00000071a8e00000,0x00000071a9300000)]
  0x000001c83d7f2800 JavaThread "C2 CompilerThread0" daemon [_thread_blocked, id=8324, stack(0x00000071a9300000,0x00000071a9400000)]
  0x000001c83d7f3000 JavaThread "C1 CompilerThread0" daemon [_thread_blocked, id=10380, stack(0x00000071a9400000,0x00000071a9500000)]
  0x000001c822054800 JavaThread "Sweeper thread" daemon [_thread_blocked, id=5124, stack(0x00000071a9500000,0x00000071a9a00000)]
  0x000001c804869800 JavaThread "Common-Cleaner" daemon [_thread_blocked, id=8416, stack(0x00000071a9a00000,0x00000071a9f00000)]
  0x000001c80486a000 JavaThread "Service Thread" daemon [_thread_blocked, id=11084, stack(0x00000071a9f00000,0x00000071aa400000)]
  0x000001c809bed000 JavaThread "Java2D Disposer" daemon [_thread_blocked, id=12772, stack(0x00000071aa500000,0x00000071aaa00000)]
  0x000001c809ae9000 JavaThread "AWT-Windows" daemon [_thread_in_native, id=13288, stack(0x00000071aaf00000,0x00000071ab400000)]
  0x000001c809bed800 JavaThread "TimerQueue" daemon [_thread_blocked, id=8300, stack(0x00000071aaa00000,0x00000071aaf00000)]
  0x000001c81cbd9800 JavaThread "AWT-Shutdown" [_thread_blocked, id=1144, stack(0x00000071aba00000,0x00000071abf00000)]
=>0x000001c81caa8000 JavaThread "AWT-EventQueue-0" [_thread_in_native, id=8392, stack(0x00000071abf00000,0x00000071ac400000)]
  0x000001c81c9b1000 JavaThread "Thread-1" [_thread_in_native, id=4588, stack(0x00000071a6200000,0x00000071a7600000)]
  0x000001c81d204000 JavaThread "Process Messages Thread" [_thread_blocked, id=6352, stack(0x00000071ac900000,0x00000071ace00000)]
  0x000001c81d270800 JavaThread "Batik CleanerThread" daemon [_thread_blocked, id=6204, stack(0x00000071ac400000,0x00000071ac900000)]
  0x000001c81cdb3000 JavaThread "SyntheticaCleanerThread" daemon [_thread_blocked, id=4168, stack(0x00000071ad700000,0x00000071adc00000)]
  0x000001c81cdb5800 JavaThread "Monitor HEventQueue Thread" [_thread_blocked, id=12760, stack(0x00000071ae200000,0x00000071ae700000)]
  0x000001c81cdb1000 JavaThread "SyntheticaAnimation 50" daemon [_thread_blocked, id=9892, stack(0x00000071ae700000,0x00000071aec00000)]
  0x000001c81cdb7000 JavaThread "SyntheticaAnimation 25" daemon [_thread_blocked, id=11964, stack(0x00000071aec00000,0x00000071af100000)]
  0x000001c81cdb2000 JavaThread "SyntheticaAnimation 70" daemon [_thread_blocked, id=7408, stack(0x00000071af600000,0x00000071afb00000)]
  0x000001c83332a000 JavaThread "Refresh Filesets Swing Worker Thread" [_thread_blocked, id=4648, stack(0x00000071af100000,0x00000071af600000)]
  0x000001c83332a800 JavaThread "hw_ila_monitor" [_thread_blocked, id=7844, stack(0x00000071afb00000,0x00000071b0000000)]
  0x000001c83332b800 JavaThread "pool-1-thread-1" [_thread_blocked, id=7724, stack(0x00000071b0500000,0x00000071b0a00000)]
  0x000001c83332c000 JavaThread "pool-2-thread-1" [_thread_blocked, id=7884, stack(0x00000071b0a00000,0x00000071b0f00000)]
  0x000001c833328000 JavaThread "pool-3-thread-1" [_thread_blocked, id=7744, stack(0x00000071b0f00000,0x00000071b1400000)]
  0x000001c833326800 JavaThread "Update Runs Swing Worker Thread" [_thread_blocked, id=9744, stack(0x00000071b1400000,0x00000071b1900000)]
  0x000001c833325000 JavaThread "Timer-0" [_thread_blocked, id=10808, stack(0x00000071ab400000,0x00000071ab900000)]
  0x000001c833332000 JavaThread "Monitor File Timestamp Swing Worker Thread" [_thread_blocked, id=11148, stack(0x00000071adc00000,0x00000071ae100000)]
  0x000001c83332e000 JavaThread "SyntheticaAnimation 50" daemon [_thread_blocked, id=12980, stack(0x00000071b1900000,0x00000071b1e00000)]
  0x000001c833331000 JavaThread "Swing-Shell" daemon [_thread_blocked, id=12716, stack(0x00000071b1e00000,0x00000071b2300000)]
  0x000001c81cdb8000 JavaThread "Relaunch Simulation Thread" [_thread_blocked, id=7532, stack(0x00000071ad200000,0x00000071ad700000)]

Other Threads:
  0x000001c83e547000 VMThread "VM Thread" [stack: 0x00000071a7e00000,0x00000071a7f00000] [id=9832]
  0x000001c8093aa800 WatcherThread [stack: 0x00000071aa400000,0x00000071aa500000] [id=10972]
  0x000001c83f9be000 GCTaskThread "GC Thread#0" [stack: 0x00000071a7900000,0x00000071a7a00000] [id=8352]
  0x000001c81c9b0000 GCTaskThread "GC Thread#1" [stack: 0x00000071ace00000,0x00000071acf00000] [id=1168]
  0x000001c81d185800 GCTaskThread "GC Thread#2" [stack: 0x00000071acf00000,0x00000071ad000000] [id=10516]
  0x000001c81d186000 GCTaskThread "GC Thread#3" [stack: 0x00000071ad000000,0x00000071ad100000] [id=12696]
  0x000001c822025800 ConcurrentGCThread "G1 Main Marker" [stack: 0x00000071a7a00000,0x00000071a7b00000] [id=1248]
  0x000001c82220f000 ConcurrentGCThread "G1 Conc#0" [stack: 0x00000071a7b00000,0x00000071a7c00000] [id=1384]
  0x000001c83e7bf000 ConcurrentGCThread "G1 Refine#0" [stack: 0x00000071a7c00000,0x00000071a7d00000] [id=2032]
  0x000001c81cedc800 ConcurrentGCThread "G1 Refine#1" [stack: 0x00000071ad100000,0x00000071ad200000] [id=12728]
  0x000001c81c5ba800 ConcurrentGCThread "G1 Refine#2" [stack: 0x00000071ae100000,0x00000071ae200000] [id=9796]
  0x000001c83da00000 ConcurrentGCThread "G1 Young RemSet Sampling" [stack: 0x00000071a7d00000,0x00000071a7e00000] [id=7516]

Threads with active compile tasks:

VM state:not at safepoint (normal execution)

VM Mutex/Monitor currently owned by a thread: None

Heap address: 0x0000000740000000, size: 3072 MB, Compressed Oops mode: Zero based, Oop shift amount: 3
Narrow klass base: 0x0000000800000000, Narrow klass shift: 0
Compressed class space size: 1073741824 Address: 0x0000000800000000

Heap:
 garbage-first heap   total 164864K, used 111642K [0x0000000740000000, 0x0000000800000000)
  region size 1024K, 30 young (30720K), 0 survivors (0K)
 Metaspace       used 90480K, capacity 92825K, committed 93084K, reserved 1128448K
  class space    used 12749K, capacity 13817K, committed 13900K, reserved 1048576K
Heap Regions: E=young(eden), S=young(survivor), O=old, HS=humongous(starts), HC=humongous(continues), CS=collection set, F=free, A=archive, TAMS=top-at-mark-start (previous, next)
|   0|0x0000000740000000, 0x0000000740100000, 0x0000000740100000|100%|HS|  |TAMS 0x0000000740000000, 0x0000000740000000| Untracked 
|   1|0x0000000740100000, 0x0000000740200000, 0x0000000740200000|100%|HC|  |TAMS 0x0000000740100000, 0x0000000740100000| Untracked 
|   2|0x0000000740200000, 0x0000000740300000, 0x0000000740300000|100%|HS|  |TAMS 0x0000000740200000, 0x0000000740200000| Untracked 
|   3|0x0000000740300000, 0x00000007403ffff8, 0x0000000740400000| 99%| O|  |TAMS 0x0000000740300000, 0x0000000740300000| Untracked 
|   4|0x0000000740400000, 0x00000007404ffff0, 0x0000000740500000| 99%| O|  |TAMS 0x0000000740400000, 0x0000000740400000| Untracked 
|   5|0x0000000740500000, 0x00000007405fe298, 0x0000000740600000| 99%| O|  |TAMS 0x0000000740500000, 0x0000000740500000| Untracked 
|   6|0x0000000740600000, 0x00000007406f2ac0, 0x0000000740700000| 94%| O|  |TAMS 0x0000000740600000, 0x0000000740600000| Untracked 
|   7|0x0000000740700000, 0x00000007407ffff8, 0x0000000740800000| 99%| O|  |TAMS 0x0000000740700000, 0x0000000740700000| Untracked 
|   8|0x0000000740800000, 0x00000007408ffd00, 0x0000000740900000| 99%| O|  |TAMS 0x0000000740800000, 0x0000000740800000| Untracked 
|   9|0x0000000740900000, 0x00000007409ffce0, 0x0000000740a00000| 99%| O|  |TAMS 0x0000000740900000, 0x0000000740900000| Untracked 
|  10|0x0000000740a00000, 0x0000000740aec270, 0x0000000740b00000| 92%| O|  |TAMS 0x0000000740a00000, 0x0000000740a00000| Untracked 
|  11|0x0000000740b00000, 0x0000000740bffff0, 0x0000000740c00000| 99%| O|  |TAMS 0x0000000740b00000, 0x0000000740b00000| Untracked 
|  12|0x0000000740c00000, 0x0000000740cfcf20, 0x0000000740d00000| 98%| O|  |TAMS 0x0000000740c00000, 0x0000000740c00000| Untracked 
|  13|0x0000000740d00000, 0x0000000740dff7d8, 0x0000000740e00000| 99%| O|  |TAMS 0x0000000740d00000, 0x0000000740d00000| Untracked 
|  14|0x0000000740e00000, 0x0000000740effff8, 0x0000000740f00000| 99%| O|  |TAMS 0x0000000740e00000, 0x0000000740e00000| Untracked 
|  15|0x0000000740f00000, 0x0000000740ff7598, 0x0000000741000000| 96%| O|  |TAMS 0x0000000740f00000, 0x0000000740f00000| Untracked 
|  16|0x0000000741000000, 0x00000007410fffb8, 0x0000000741100000| 99%| O|  |TAMS 0x0000000741000000, 0x0000000741000000| Untracked 
|  17|0x0000000741100000, 0x00000007411ffff8, 0x0000000741200000| 99%| O|  |TAMS 0x0000000741100000, 0x0000000741100000| Untracked 
|  18|0x0000000741200000, 0x00000007412f7198, 0x0000000741300000| 96%| O|  |TAMS 0x0000000741200000, 0x0000000741200000| Untracked 
|  19|0x0000000741300000, 0x00000007413ffff8, 0x0000000741400000| 99%| O|  |TAMS 0x0000000741300000, 0x0000000741300000| Untracked 
|  20|0x0000000741400000, 0x00000007414ffff0, 0x0000000741500000| 99%| O|  |TAMS 0x0000000741400000, 0x0000000741400000| Untracked 
|  21|0x0000000741500000, 0x00000007415ffff8, 0x0000000741600000| 99%| O|  |TAMS 0x0000000741500000, 0x0000000741500000| Untracked 
|  22|0x0000000741600000, 0x0000000741700000, 0x0000000741700000|100%| O|  |TAMS 0x0000000741600000, 0x0000000741600000| Untracked 
|  23|0x0000000741700000, 0x0000000741800000, 0x0000000741800000|100%| O|  |TAMS 0x0000000741700000, 0x0000000741700000| Untracked 
|  24|0x0000000741800000, 0x00000007418fffc8, 0x0000000741900000| 99%| O|  |TAMS 0x0000000741800000, 0x0000000741800000| Untracked 
|  25|0x0000000741900000, 0x00000007419fffe8, 0x0000000741a00000| 99%| O|  |TAMS 0x0000000741900000, 0x0000000741900000| Untracked 
|  26|0x0000000741a00000, 0x0000000741afff08, 0x0000000741b00000| 99%| O|  |TAMS 0x0000000741a00000, 0x0000000741a00000| Untracked 
|  27|0x0000000741b00000, 0x0000000741bfffe8, 0x0000000741c00000| 99%| O|  |TAMS 0x0000000741b00000, 0x0000000741b00000| Untracked 
|  28|0x0000000741c00000, 0x0000000741cfffe8, 0x0000000741d00000| 99%| O|  |TAMS 0x0000000741c00000, 0x0000000741c00000| Untracked 
|  29|0x0000000741d00000, 0x0000000741e00000, 0x0000000741e00000|100%| O|  |TAMS 0x0000000741d00000, 0x0000000741d00000| Untracked 
|  30|0x0000000741e00000, 0x0000000741effff0, 0x0000000741f00000| 99%| O|  |TAMS 0x0000000741e00000, 0x0000000741e00000| Untracked 
|  31|0x0000000741f00000, 0x0000000741ffffe8, 0x0000000742000000| 99%| O|  |TAMS 0x0000000741f00000, 0x0000000741f00000| Untracked 
|  32|0x0000000742000000, 0x00000007420fffe8, 0x0000000742100000| 99%| O|  |TAMS 0x0000000742000000, 0x0000000742000000| Untracked 
|  33|0x0000000742100000, 0x00000007421fffd0, 0x0000000742200000| 99%| O|  |TAMS 0x0000000742100000, 0x0000000742100000| Untracked 
|  34|0x0000000742200000, 0x00000007422ffff0, 0x0000000742300000| 99%| O|  |TAMS 0x0000000742200000, 0x0000000742200000| Untracked 
|  35|0x0000000742300000, 0x00000007423ffff0, 0x0000000742400000| 99%| O|  |TAMS 0x0000000742300000, 0x0000000742300000| Untracked 
|  36|0x0000000742400000, 0x00000007424ffff0, 0x0000000742500000| 99%| O|  |TAMS 0x0000000742400000, 0x0000000742400000| Untracked 
|  37|0x0000000742500000, 0x00000007425fffe0, 0x0000000742600000| 99%| O|  |TAMS 0x0000000742500000, 0x0000000742500000| Untracked 
|  38|0x0000000742600000, 0x00000007426fffd0, 0x0000000742700000| 99%| O|  |TAMS 0x0000000742600000, 0x0000000742600000| Untracked 
|  39|0x0000000742700000, 0x0000000742800000, 0x0000000742800000|100%|HS|  |TAMS 0x0000000742700000, 0x0000000742700000| Untracked 
|  40|0x0000000742800000, 0x0000000742900000, 0x0000000742900000|100%|HC|  |TAMS 0x0000000742800000, 0x0000000742800000| Untracked 
|  41|0x0000000742900000, 0x0000000742a00000, 0x0000000742a00000|100%|HC|  |TAMS 0x0000000742900000, 0x0000000742900000| Untracked 
|  42|0x0000000742a00000, 0x0000000742b00000, 0x0000000742b00000|100%|HC|  |TAMS 0x0000000742a00000, 0x0000000742a00000| Untracked 
|  43|0x0000000742b00000, 0x0000000742bfffe8, 0x0000000742c00000| 99%| O|  |TAMS 0x0000000742b00000, 0x0000000742b00000| Untracked 
|  44|0x0000000742c00000, 0x0000000742cffff0, 0x0000000742d00000| 99%| O|  |TAMS 0x0000000742c00000, 0x0000000742c00000| Untracked 
|  45|0x0000000742d00000, 0x0000000742df49e0, 0x0000000742e00000| 95%| O|  |TAMS 0x0000000742d00000, 0x0000000742d00000| Untracked 
|  46|0x0000000742e00000, 0x0000000742effff8, 0x0000000742f00000| 99%| O|  |TAMS 0x0000000742e00000, 0x0000000742e00000| Untracked 
|  47|0x0000000742f00000, 0x0000000742fffff0, 0x0000000743000000| 99%| O|  |TAMS 0x0000000742f00000, 0x0000000742f00000| Untracked 
|  48|0x0000000743000000, 0x00000007430ffff0, 0x0000000743100000| 99%| O|  |TAMS 0x0000000743000000, 0x0000000743000000| Untracked 
|  49|0x0000000743100000, 0x0000000743200000, 0x0000000743200000|100%| O|  |TAMS 0x0000000743100000, 0x0000000743100000| Untracked 
|  50|0x0000000743200000, 0x00000007432df8c0, 0x0000000743300000| 87%| O|  |TAMS 0x0000000743200000, 0x0000000743200000| Untracked 
|  51|0x0000000743300000, 0x00000007433fff20, 0x0000000743400000| 99%| O|  |TAMS 0x0000000743300000, 0x0000000743300000| Untracked 
|  52|0x0000000743400000, 0x00000007434fffd0, 0x0000000743500000| 99%| O|  |TAMS 0x0000000743400000, 0x0000000743400000| Untracked 
|  53|0x0000000743500000, 0x00000007435ffff8, 0x0000000743600000| 99%| O|  |TAMS 0x0000000743500000, 0x0000000743500000| Untracked 
|  54|0x0000000743600000, 0x0000000743700000, 0x0000000743700000|100%| O|  |TAMS 0x0000000743600000, 0x0000000743600000| Untracked 
|  55|0x0000000743700000, 0x0000000743800000, 0x0000000743800000|100%| O|  |TAMS 0x0000000743700000, 0x0000000743700000| Untracked 
|  56|0x0000000743800000, 0x00000007438fffe8, 0x0000000743900000| 99%| O|  |TAMS 0x0000000743800000, 0x0000000743800000| Untracked 
|  57|0x0000000743900000, 0x00000007439fe888, 0x0000000743a00000| 99%| O|  |TAMS 0x0000000743900000, 0x0000000743900000| Untracked 
|  58|0x0000000743a00000, 0x0000000743b00000, 0x0000000743b00000|100%| O|  |TAMS 0x0000000743a00000, 0x0000000743a00000| Untracked 
|  59|0x0000000743b00000, 0x0000000743c00000, 0x0000000743c00000|100%| O|  |TAMS 0x0000000743b00000, 0x0000000743b00000| Untracked 
|  60|0x0000000743c00000, 0x0000000743cffad8, 0x0000000743d00000| 99%| O|  |TAMS 0x0000000743c00000, 0x0000000743c00000| Untracked 
|  61|0x0000000743d00000, 0x0000000743dffff0, 0x0000000743e00000| 99%| O|  |TAMS 0x0000000743d00000, 0x0000000743d00000| Untracked 
|  62|0x0000000743e00000, 0x0000000743f00000, 0x0000000743f00000|100%|HS|  |TAMS 0x0000000743e00000, 0x0000000743e00000| Untracked 
|  63|0x0000000743f00000, 0x0000000744000000, 0x0000000744000000|100%|HC|  |TAMS 0x0000000743f00000, 0x0000000743f00000| Untracked 
|  64|0x0000000744000000, 0x00000007440fffe8, 0x0000000744100000| 99%| O|  |TAMS 0x0000000744000000, 0x0000000744000000| Untracked 
|  65|0x0000000744100000, 0x00000007441fff90, 0x0000000744200000| 99%| O|  |TAMS 0x0000000744100000, 0x0000000744100000| Untracked 
|  66|0x0000000744200000, 0x00000007442d9c38, 0x0000000744300000| 85%| O|  |TAMS 0x0000000744200000, 0x0000000744200000| Untracked 
|  67|0x0000000744300000, 0x00000007443fffe8, 0x0000000744400000| 99%| O|  |TAMS 0x0000000744300000, 0x0000000744300000| Untracked 
|  68|0x0000000744400000, 0x0000000744500000, 0x0000000744500000|100%| O|  |TAMS 0x0000000744400000, 0x0000000744400000| Untracked 
|  69|0x0000000744500000, 0x00000007445fffa8, 0x0000000744600000| 99%| O|  |TAMS 0x0000000744500000, 0x0000000744500000| Untracked 
|  70|0x0000000744600000, 0x00000007446fffe8, 0x0000000744700000| 99%| O|  |TAMS 0x0000000744600000, 0x0000000744600000| Untracked 
|  71|0x0000000744700000, 0x00000007447fffe8, 0x0000000744800000| 99%| O|  |TAMS 0x0000000744700000, 0x0000000744700000| Untracked 
|  72|0x0000000744800000, 0x00000007448fffe8, 0x0000000744900000| 99%| O|  |TAMS 0x0000000744800000, 0x0000000744800000| Untracked 
|  73|0x0000000744900000, 0x00000007449fff38, 0x0000000744a00000| 99%| O|  |TAMS 0x0000000744900000, 0x0000000744900000| Untracked 
|  74|0x0000000744a00000, 0x0000000744ab8588, 0x0000000744b00000| 72%| O|  |TAMS 0x0000000744a00000, 0x0000000744a00000| Untracked 
|  75|0x0000000744b00000, 0x0000000744bffff8, 0x0000000744c00000| 99%| O|  |TAMS 0x0000000744b00000, 0x0000000744b00000| Untracked 
|  76|0x0000000744c00000, 0x0000000744cffea8, 0x0000000744d00000| 99%| O|  |TAMS 0x0000000744c00000, 0x0000000744c00000| Untracked 
|  77|0x0000000744d00000, 0x0000000744d6c760, 0x0000000744e00000| 42%| O|  |TAMS 0x0000000744d00000, 0x0000000744d00000| Untracked 
|  78|0x0000000744e00000, 0x0000000744efff40, 0x0000000744f00000| 99%| O|  |TAMS 0x0000000744e00000, 0x0000000744e00000| Untracked 
|  79|0x0000000744f00000, 0x0000000744ffffe0, 0x0000000745000000| 99%| O|  |TAMS 0x0000000744f00000, 0x0000000744f00000| Untracked 
|  80|0x0000000745000000, 0x0000000745000000, 0x0000000745100000|  0%| F|  |TAMS 0x0000000745000000, 0x0000000745000000| Untracked 
|  81|0x0000000745100000, 0x00000007451da530, 0x0000000745200000| 85%| O|  |TAMS 0x0000000745100000, 0x0000000745100000| Untracked 
|  82|0x0000000745200000, 0x0000000745294840, 0x0000000745300000| 58%| O|  |TAMS 0x0000000745200000, 0x0000000745200000| Untracked 
|  83|0x0000000745300000, 0x0000000745300000, 0x0000000745400000|  0%| F|  |TAMS 0x0000000745300000, 0x0000000745300000| Untracked 
|  84|0x0000000745400000, 0x0000000745400000, 0x0000000745500000|  0%| F|  |TAMS 0x0000000745400000, 0x0000000745400000| Untracked 
|  85|0x0000000745500000, 0x0000000745500000, 0x0000000745600000|  0%| F|  |TAMS 0x0000000745500000, 0x0000000745500000| Untracked 
|  86|0x0000000745600000, 0x0000000745600000, 0x0000000745700000|  0%| F|  |TAMS 0x0000000745600000, 0x0000000745600000| Untracked 
|  87|0x0000000745700000, 0x0000000745700000, 0x0000000745800000|  0%| F|  |TAMS 0x0000000745700000, 0x0000000745700000| Untracked 
|  88|0x0000000745800000, 0x0000000745800000, 0x0000000745900000|  0%| F|  |TAMS 0x0000000745800000, 0x0000000745800000| Untracked 
|  89|0x0000000745900000, 0x0000000745900000, 0x0000000745a00000|  0%| F|  |TAMS 0x0000000745900000, 0x0000000745900000| Untracked 
|  90|0x0000000745a00000, 0x0000000745a00000, 0x0000000745b00000|  0%| F|  |TAMS 0x0000000745a00000, 0x0000000745a00000| Untracked 
|  91|0x0000000745b00000, 0x0000000745b00000, 0x0000000745c00000|  0%| F|  |TAMS 0x0000000745b00000, 0x0000000745b00000| Untracked 
|  92|0x0000000745c00000, 0x0000000745c00000, 0x0000000745d00000|  0%| F|  |TAMS 0x0000000745c00000, 0x0000000745c00000| Untracked 
|  93|0x0000000745d00000, 0x0000000745d00000, 0x0000000745e00000|  0%| F|  |TAMS 0x0000000745d00000, 0x0000000745d00000| Untracked 
|  94|0x0000000745e00000, 0x0000000745e00000, 0x0000000745f00000|  0%| F|  |TAMS 0x0000000745e00000, 0x0000000745e00000| Untracked 
|  95|0x0000000745f00000, 0x0000000745f00000, 0x0000000746000000|  0%| F|  |TAMS 0x0000000745f00000, 0x0000000745f00000| Untracked 
|  96|0x0000000746000000, 0x0000000746000000, 0x0000000746100000|  0%| F|  |TAMS 0x0000000746000000, 0x0000000746000000| Untracked 
|  97|0x0000000746100000, 0x0000000746100000, 0x0000000746200000|  0%| F|  |TAMS 0x0000000746100000, 0x0000000746100000| Untracked 
|  98|0x0000000746200000, 0x0000000746200000, 0x0000000746300000|  0%| F|  |TAMS 0x0000000746200000, 0x0000000746200000| Untracked 
|  99|0x0000000746300000, 0x0000000746300000, 0x0000000746400000|  0%| F|  |TAMS 0x0000000746300000, 0x0000000746300000| Untracked 
| 100|0x0000000746400000, 0x0000000746400000, 0x0000000746500000|  0%| F|  |TAMS 0x0000000746400000, 0x0000000746400000| Untracked 
| 101|0x0000000746500000, 0x0000000746500000, 0x0000000746600000|  0%| F|  |TAMS 0x0000000746500000, 0x0000000746500000| Untracked 
| 102|0x0000000746600000, 0x0000000746600000, 0x0000000746700000|  0%| F|  |TAMS 0x0000000746600000, 0x0000000746600000| Untracked 
| 103|0x0000000746700000, 0x0000000746700000, 0x0000000746800000|  0%| F|  |TAMS 0x0000000746700000, 0x0000000746700000| Untracked 
| 104|0x0000000746800000, 0x0000000746800000, 0x0000000746900000|  0%| F|  |TAMS 0x0000000746800000, 0x0000000746800000| Untracked 
| 105|0x0000000746900000, 0x0000000746900000, 0x0000000746a00000|  0%| F|  |TAMS 0x0000000746900000, 0x0000000746900000| Untracked 
| 106|0x0000000746a00000, 0x0000000746a00000, 0x0000000746b00000|  0%| F|  |TAMS 0x0000000746a00000, 0x0000000746a00000| Untracked 
| 107|0x0000000746b00000, 0x0000000746b00000, 0x0000000746c00000|  0%| F|  |TAMS 0x0000000746b00000, 0x0000000746b00000| Untracked 
| 108|0x0000000746c00000, 0x0000000746c00000, 0x0000000746d00000|  0%| F|  |TAMS 0x0000000746c00000, 0x0000000746c00000| Untracked 
| 109|0x0000000746d00000, 0x0000000746d00000, 0x0000000746e00000|  0%| F|  |TAMS 0x0000000746d00000, 0x0000000746d00000| Untracked 
| 110|0x0000000746e00000, 0x0000000746e00000, 0x0000000746f00000|  0%| F|  |TAMS 0x0000000746e00000, 0x0000000746e00000| Untracked 
| 111|0x0000000746f00000, 0x0000000746f00000, 0x0000000747000000|  0%| F|  |TAMS 0x0000000746f00000, 0x0000000746f00000| Untracked 
| 112|0x0000000747000000, 0x0000000747000000, 0x0000000747100000|  0%| F|  |TAMS 0x0000000747000000, 0x0000000747000000| Untracked 
| 113|0x0000000747100000, 0x0000000747100000, 0x0000000747200000|  0%| F|  |TAMS 0x0000000747100000, 0x0000000747100000| Untracked 
| 114|0x0000000747200000, 0x0000000747200000, 0x0000000747300000|  0%| F|  |TAMS 0x0000000747200000, 0x0000000747200000| Untracked 
| 115|0x0000000747300000, 0x0000000747300000, 0x0000000747400000|  0%| F|  |TAMS 0x0000000747300000, 0x0000000747300000| Untracked 
| 116|0x0000000747400000, 0x0000000747400000, 0x0000000747500000|  0%| F|  |TAMS 0x0000000747400000, 0x0000000747400000| Untracked 
| 117|0x0000000747500000, 0x0000000747500000, 0x0000000747600000|  0%| F|  |TAMS 0x0000000747500000, 0x0000000747500000| Untracked 
| 118|0x0000000747600000, 0x0000000747600000, 0x0000000747700000|  0%| F|  |TAMS 0x0000000747600000, 0x0000000747600000| Untracked 
| 119|0x0000000747700000, 0x0000000747700000, 0x0000000747800000|  0%| F|  |TAMS 0x0000000747700000, 0x0000000747700000| Untracked 
| 120|0x0000000747800000, 0x0000000747800000, 0x0000000747900000|  0%| F|  |TAMS 0x0000000747800000, 0x0000000747800000| Untracked 
| 121|0x0000000747900000, 0x0000000747900000, 0x0000000747a00000|  0%| F|  |TAMS 0x0000000747900000, 0x0000000747900000| Untracked 
| 122|0x0000000747a00000, 0x0000000747a00000, 0x0000000747b00000|  0%| F|  |TAMS 0x0000000747a00000, 0x0000000747a00000| Untracked 
| 123|0x0000000747b00000, 0x0000000747b00000, 0x0000000747c00000|  0%| F|  |TAMS 0x0000000747b00000, 0x0000000747b00000| Untracked 
| 124|0x0000000747c00000, 0x0000000747c00000, 0x0000000747d00000|  0%| F|  |TAMS 0x0000000747c00000, 0x0000000747c00000| Untracked 
| 125|0x0000000747d00000, 0x0000000747d00000, 0x0000000747e00000|  0%| F|  |TAMS 0x0000000747d00000, 0x0000000747d00000| Untracked 
| 126|0x0000000747e00000, 0x0000000747e00000, 0x0000000747f00000|  0%| F|  |TAMS 0x0000000747e00000, 0x0000000747e00000| Untracked 
| 127|0x0000000747f00000, 0x0000000747f00000, 0x0000000748000000|  0%| F|  |TAMS 0x0000000747f00000, 0x0000000747f00000| Untracked 
| 128|0x0000000748000000, 0x0000000748000000, 0x0000000748100000|  0%| F|  |TAMS 0x0000000748000000, 0x0000000748000000| Untracked 
| 129|0x0000000748100000, 0x0000000748100000, 0x0000000748200000|  0%| F|  |TAMS 0x0000000748100000, 0x0000000748100000| Untracked 
| 130|0x0000000748200000, 0x0000000748200000, 0x0000000748300000|  0%| F|  |TAMS 0x0000000748200000, 0x0000000748200000| Untracked 
| 131|0x0000000748300000, 0x00000007483d73c0, 0x0000000748400000| 84%| E|  |TAMS 0x0000000748300000, 0x0000000748300000| Complete 
| 132|0x0000000748400000, 0x0000000748500000, 0x0000000748500000|100%| E|CS|TAMS 0x0000000748400000, 0x0000000748400000| Complete 
| 133|0x0000000748500000, 0x0000000748600000, 0x0000000748600000|100%| E|CS|TAMS 0x0000000748500000, 0x0000000748500000| Complete 
| 134|0x0000000748600000, 0x0000000748700000, 0x0000000748700000|100%| E|CS|TAMS 0x0000000748600000, 0x0000000748600000| Complete 
| 135|0x0000000748700000, 0x0000000748800000, 0x0000000748800000|100%| E|CS|TAMS 0x0000000748700000, 0x0000000748700000| Complete 
| 136|0x0000000748800000, 0x0000000748900000, 0x0000000748900000|100%| E|CS|TAMS 0x0000000748800000, 0x0000000748800000| Complete 
| 137|0x0000000748900000, 0x0000000748a00000, 0x0000000748a00000|100%| E|CS|TAMS 0x0000000748900000, 0x0000000748900000| Complete 
| 138|0x0000000748a00000, 0x0000000748b00000, 0x0000000748b00000|100%| E|CS|TAMS 0x0000000748a00000, 0x0000000748a00000| Complete 
| 139|0x0000000748b00000, 0x0000000748c00000, 0x0000000748c00000|100%| E|CS|TAMS 0x0000000748b00000, 0x0000000748b00000| Complete 
| 140|0x0000000748c00000, 0x0000000748d00000, 0x0000000748d00000|100%| E|CS|TAMS 0x0000000748c00000, 0x0000000748c00000| Complete 
| 141|0x0000000748d00000, 0x0000000748e00000, 0x0000000748e00000|100%| E|CS|TAMS 0x0000000748d00000, 0x0000000748d00000| Complete 
| 142|0x0000000748e00000, 0x0000000748f00000, 0x0000000748f00000|100%| E|CS|TAMS 0x0000000748e00000, 0x0000000748e00000| Complete 
| 143|0x0000000748f00000, 0x0000000749000000, 0x0000000749000000|100%| E|CS|TAMS 0x0000000748f00000, 0x0000000748f00000| Complete 
| 144|0x0000000749000000, 0x0000000749100000, 0x0000000749100000|100%| E|CS|TAMS 0x0000000749000000, 0x0000000749000000| Complete 
| 145|0x0000000749100000, 0x0000000749200000, 0x0000000749200000|100%| E|CS|TAMS 0x0000000749100000, 0x0000000749100000| Complete 
| 146|0x0000000749200000, 0x0000000749300000, 0x0000000749300000|100%| E|CS|TAMS 0x0000000749200000, 0x0000000749200000| Complete 
| 147|0x0000000749300000, 0x0000000749400000, 0x0000000749400000|100%| E|CS|TAMS 0x0000000749300000, 0x0000000749300000| Complete 
| 148|0x0000000749400000, 0x0000000749500000, 0x0000000749500000|100%| E|CS|TAMS 0x0000000749400000, 0x0000000749400000| Complete 
| 149|0x0000000749500000, 0x0000000749600000, 0x0000000749600000|100%| E|CS|TAMS 0x0000000749500000, 0x0000000749500000| Complete 
| 150|0x0000000749600000, 0x0000000749700000, 0x0000000749700000|100%| E|CS|TAMS 0x0000000749600000, 0x0000000749600000| Complete 
| 151|0x0000000749700000, 0x0000000749800000, 0x0000000749800000|100%| E|CS|TAMS 0x0000000749700000, 0x0000000749700000| Complete 
| 152|0x0000000749800000, 0x0000000749900000, 0x0000000749900000|100%| E|CS|TAMS 0x0000000749800000, 0x0000000749800000| Complete 
| 153|0x0000000749900000, 0x0000000749a00000, 0x0000000749a00000|100%| E|CS|TAMS 0x0000000749900000, 0x0000000749900000| Complete 
| 154|0x0000000749a00000, 0x0000000749b00000, 0x0000000749b00000|100%| E|CS|TAMS 0x0000000749a00000, 0x0000000749a00000| Complete 
| 155|0x0000000749b00000, 0x0000000749c00000, 0x0000000749c00000|100%| E|CS|TAMS 0x0000000749b00000, 0x0000000749b00000| Complete 
| 156|0x0000000749c00000, 0x0000000749d00000, 0x0000000749d00000|100%| E|CS|TAMS 0x0000000749c00000, 0x0000000749c00000| Complete 
| 157|0x0000000749d00000, 0x0000000749e00000, 0x0000000749e00000|100%| E|CS|TAMS 0x0000000749d00000, 0x0000000749d00000| Complete 
| 158|0x0000000749e00000, 0x0000000749f00000, 0x0000000749f00000|100%| E|CS|TAMS 0x0000000749e00000, 0x0000000749e00000| Complete 
| 159|0x0000000749f00000, 0x000000074a000000, 0x000000074a000000|100%| E|CS|TAMS 0x0000000749f00000, 0x0000000749f00000| Complete 
| 160|0x000000074a000000, 0x000000074a100000, 0x000000074a100000|100%| E|CS|TAMS 0x000000074a000000, 0x000000074a000000| Complete 

Card table byte_map: [0x000001c812750000,0x000001c812d50000] _byte_map_base: 0x000001c80ed50000

Marking Bits (Prev, Next): (CMBitMap*) 0x000001c821914a50, (CMBitMap*) 0x000001c821914a18
 Prev Bits: [0x000001c816350000, 0x000001c819350000)
 Next Bits: [0x000001c813350000, 0x000001c816350000)

Polling page: 0x000001c803e90000

Metaspace:

Usage:
  Non-class:     77.16 MB capacity,    75.91 MB ( 98%) used,   968.30 KB (  1%) free+waste,   308.69 KB ( <1%) overhead. 
      Class:     13.49 MB capacity,    12.45 MB ( 92%) used,   916.59 KB (  7%) free+waste,   151.00 KB (  1%) overhead. 
       Both:     90.65 MB capacity,    88.36 MB ( 97%) used,     1.84 MB (  2%) free+waste,   459.69 KB ( <1%) overhead. 

Virtual space:
  Non-class space:       78.00 MB reserved,      77.33 MB (>99%) committed 
      Class space:        1.00 GB reserved,      13.57 MB (  1%) committed 
             Both:        1.08 GB reserved,      90.90 MB (  8%) committed 

Chunk freelists:
   Non-Class:  6.00 KB
       Class:  896 bytes
        Both:  6.88 KB

CodeHeap 'non-profiled nmethods': size=120064Kb used=14478Kb max_used=14478Kb free=105585Kb
 bounds [0x000001c82a0c0000, 0x000001c82aef0000, 0x000001c831600000]
CodeHeap 'profiled nmethods': size=120000Kb used=34651Kb max_used=34651Kb free=85348Kb
 bounds [0x000001c822b90000, 0x000001c824da0000, 0x000001c82a0c0000]
CodeHeap 'non-nmethods': size=5696Kb used=1621Kb max_used=1668Kb free=4074Kb
 bounds [0x000001c822600000, 0x000001c822870000, 0x000001c822b90000]
 total_blobs=24347 nmethods=13883 adapters=1067
 compilation: enabled
              stopped_count=0, restarted_count=0
 full_count=0

Compilation events (10 events):
Event: 1034.501 Thread 0x000001c83d7f3000 17469       3       ui.views.waveform.executive.protobuf.WVPrefs$WVColoredObject::hasDescription (16 bytes)
Event: 1034.501 Thread 0x000001c83d7f3000 nmethod 17469 0x000001c824d8f510 code [0x000001c824d8f6c0, 0x000001c824d8f878]
Event: 1034.501 Thread 0x000001c83d7f3000 17470       3       ui.views.waveform.executive.protobuf.WVPrefs$WVColoredObject::hasRed (16 bytes)
Event: 1034.501 Thread 0x000001c83d7f3000 nmethod 17470 0x000001c824d8f910 code [0x000001c824d8fac0, 0x000001c824d8fc78]
Event: 1034.501 Thread 0x000001c83d7f3000 17471       3       ui.views.waveform.executive.protobuf.WVPrefs$WVColoredObject::hasGreen (16 bytes)
Event: 1034.502 Thread 0x000001c83d7f3000 nmethod 17471 0x000001c824d8fd10 code [0x000001c824d8fec0, 0x000001c824d90078]
Event: 1034.502 Thread 0x000001c83d7f3000 17472       3       ui.views.waveform.executive.protobuf.WVPrefs$WVColoredObject::hasBlue (18 bytes)
Event: 1034.502 Thread 0x000001c83d7f3000 nmethod 17472 0x000001c824d90110 code [0x000001c824d902c0, 0x000001c824d90478]
Event: 1034.502 Thread 0x000001c83d7f3000 17473       3       ui.views.waveform.executive.protobuf.WVPrefs$WVColoredObject::getDescription (41 bytes)
Event: 1034.502 Thread 0x000001c83d7f3000 nmethod 17473 0x000001c824d90510 code [0x000001c824d90720, 0x000001c824d91010]

GC Heap History (10 events):
Event: 1018.095 GC heap before
{Heap before GC invocations=48 (full 1):
 garbage-first heap   total 164864K, used 144973K [0x0000000740000000, 0x0000000800000000)
  region size 1024K, 60 young (61440K), 3 survivors (3072K)
 Metaspace       used 88837K, capacity 91021K, committed 91292K, reserved 1126400K
  class space    used 12511K, capacity 13517K, committed 13644K, reserved 1048576K
}
Event: 1018.105 GC heap after
{Heap after GC invocations=49 (full 1):
 garbage-first heap   total 164864K, used 88598K [0x0000000740000000, 0x0000000800000000)
  region size 1024K, 5 young (5120K), 5 survivors (5120K)
 Metaspace       used 88837K, capacity 91021K, committed 91292K, reserved 1126400K
  class space    used 12511K, capacity 13517K, committed 13644K, reserved 1048576K
}
Event: 1021.061 GC heap before
{Heap before GC invocations=49 (full 1):
 garbage-first heap   total 164864K, used 144918K [0x0000000740000000, 0x0000000800000000)
  region size 1024K, 60 young (61440K), 5 survivors (5120K)
 Metaspace       used 89041K, capacity 91325K, committed 91548K, reserved 1128448K
  class space    used 12537K, capacity 13574K, committed 13644K, reserved 1048576K
}
Event: 1021.069 GC heap after
{Heap after GC invocations=50 (full 1):
 garbage-first heap   total 164864K, used 88312K [0x0000000740000000, 0x0000000800000000)
  region size 1024K, 4 young (4096K), 4 survivors (4096K)
 Metaspace       used 89041K, capacity 91325K, committed 91548K, reserved 1128448K
  class space    used 12537K, capacity 13574K, committed 13644K, reserved 1048576K
}
Event: 1029.705 GC heap before
{Heap before GC invocations=51 (full 1):
 garbage-first heap   total 164864K, used 120056K [0x0000000740000000, 0x0000000800000000)
  region size 1024K, 36 young (36864K), 4 survivors (4096K)
 Metaspace       used 90230K, capacity 92513K, committed 92828K, reserved 1128448K
  class space    used 12731K, capacity 13779K, committed 13900K, reserved 1048576K
}
Event: 1029.717 GC heap after
{Heap after GC invocations=52 (full 1):
 garbage-first heap   total 164864K, used 89160K [0x0000000740000000, 0x0000000800000000)
  region size 1024K, 5 young (5120K), 5 survivors (5120K)
 Metaspace       used 90230K, capacity 92513K, committed 92828K, reserved 1128448K
  class space    used 12731K, capacity 13779K, committed 13900K, reserved 1048576K
}
Event: 1030.674 GC heap before
{Heap before GC invocations=53 (full 1):
 garbage-first heap   total 164864K, used 147528K [0x0000000740000000, 0x0000000800000000)
  region size 1024K, 60 young (61440K), 5 survivors (5120K)
 Metaspace       used 90298K, capacity 92598K, committed 92828K, reserved 1128448K
  class space    used 12734K, capacity 13784K, committed 13900K, reserved 1048576K
}
Event: 1030.687 GC heap after
{Heap after GC invocations=54 (full 1):
 garbage-first heap   total 164864K, used 91288K [0x0000000740000000, 0x0000000800000000)
  region size 1024K, 4 young (4096K), 4 survivors (4096K)
 Metaspace       used 90298K, capacity 92598K, committed 92828K, reserved 1128448K
  class space    used 12734K, capacity 13784K, committed 13900K, reserved 1048576K
}
Event: 1031.289 GC heap before
{Heap before GC invocations=54 (full 1):
 garbage-first heap   total 164864K, used 125080K [0x0000000740000000, 0x0000000800000000)
  region size 1024K, 38 young (38912K), 4 survivors (4096K)
 Metaspace       used 90390K, capacity 92665K, committed 92828K, reserved 1128448K
  class space    used 12738K, capacity 13785K, committed 13900K, reserved 1048576K
}
Event: 1031.438 GC heap after
{Heap after GC invocations=55 (full 2):
 garbage-first heap   total 164864K, used 81946K [0x0000000740000000, 0x0000000800000000)
  region size 1024K, 0 young (0K), 0 survivors (0K)
 Metaspace       used 90390K, capacity 92665K, committed 92828K, reserved 1128448K
  class space    used 12738K, capacity 13785K, committed 13900K, reserved 1048576K
}

Deoptimization events (10 events):
Event: 1031.439 Thread 0x000001c81cdb1000 Uncommon trap: reason=null_check action=make_not_entrant pc=0x000001c82aacaff0 method=de.javasoft.plaf.synthetica.painter.AnimationThreadFactory$AnimationThread.run()V @ 116 c2
Event: 1031.439 Thread 0x000001c81cdb7000 Uncommon trap: reason=unstable_if action=reinterpret pc=0x000001c82a964158 method=de.javasoft.plaf.synthetica.painter.AnimationThreadFactory$AnimationThread.run()V @ 55 c2
Event: 1031.520 Thread 0x000001c81caa8000 Uncommon trap: reason=speculate_class_check action=maybe_recompile pc=0x000001c82aeb0fd8 method=javax.swing.AbstractButton.setModel(Ljavax/swing/ButtonModel;)V @ 169 c2
Event: 1031.521 Thread 0x000001c81caa8000 Uncommon trap: reason=speculate_class_check action=maybe_recompile pc=0x000001c82aeb0fd8 method=javax.swing.AbstractButton.setModel(Ljavax/swing/ButtonModel;)V @ 169 c2
Event: 1032.727 Thread 0x000001c81caa8000 Uncommon trap: reason=bimorphic_or_optimized_type_check action=maybe_recompile pc=0x000001c82ade5ccc method=javax.swing.DefaultButtonModel.setArmed(Z)V @ 33 c2
Event: 1032.728 Thread 0x000001c81caa8000 Uncommon trap: reason=unstable_if action=reinterpret pc=0x000001c82ab51480 method=com.jidesoft.swing.JideSwingUtilities.getButtonState(Ljavax/swing/AbstractButton;)I @ 33 c2
Event: 1032.897 Thread 0x000001c81caa8000 Uncommon trap: reason=class_check action=maybe_recompile pc=0x000001c82a9bb6b0 method=javax.swing.RepaintManager.scheduleHeavyWeightPaints()V @ 97 c2
Event: 1032.899 Thread 0x000001c81caa8000 Uncommon trap: reason=class_check action=maybe_recompile pc=0x000001c82a8eb6f8 method=javax.swing.RepaintManager.updateWindows(Ljava/util/Map;)V @ 79 c2
Event: 1032.901 Thread 0x000001c81caa8000 Uncommon trap: reason=speculate_class_check action=maybe_recompile pc=0x000001c82a60c2d8 method=java.awt.DefaultKeyboardFocusManager.dispatchEvent(Ljava/awt/AWTEvent;)Z @ 1462 c2
Event: 1032.922 Thread 0x000001c81caa8000 Uncommon trap: reason=unstable_if action=reinterpret pc=0x000001c82ab4e878 method=javax.swing.AbstractButton.setEnabled(Z)V @ 13 c2

Classes redefined (0 events):
No events

Internal exceptions (10 events):
Event: 1018.796 Thread 0x000001c81caa8000 Exception <a 'java/lang/NoSuchMethodError'{0x000000074942a048}: java.lang.invoke.DelegatingMethodHandle$Holder.reinvoke_L(Ljava/lang/Object;Ljava/lang/Object;J)Ljava/lang/Object;> (0x000000074942a048) thrown at [t:/workspace/open/src/hotspot/share/interpr
Event: 1021.202 Thread 0x000001c81caa8000 Exception <a 'java/io/FileNotFoundException'{0x0000000749f157b0}> (0x0000000749f157b0) thrown at [t:/workspace/open/src/hotspot/share/prims/jni.cpp, line 615]
Event: 1021.281 Thread 0x000001c81caa8000 Exception <a 'java/io/FileNotFoundException'{0x0000000749e181a0}> (0x0000000749e181a0) thrown at [t:/workspace/open/src/hotspot/share/prims/jni.cpp, line 615]
Event: 1026.582 Thread 0x000001c81caa8000 Implicit null exception at 0x000001c82a224e07 to 0x000001c82a224ea2
Event: 1026.718 Thread 0x000001c81caa8000 Exception <a 'java/io/FileNotFoundException'{0x0000000748535e38}> (0x0000000748535e38) thrown at [t:/workspace/open/src/hotspot/share/prims/jni.cpp, line 615]
Event: 1026.718 Thread 0x000001c81caa8000 Exception <a 'java/io/FileNotFoundException'{0x0000000748536c58}> (0x0000000748536c58) thrown at [t:/workspace/open/src/hotspot/share/prims/jni.cpp, line 615]
Event: 1030.012 Thread 0x000001c81caa8000 Implicit null exception at 0x000001c82a7aba30 to 0x000001c82a7aba97
Event: 1031.248 Thread 0x000001c81caa8000 Exception <a 'java/io/FileNotFoundException'{0x000000074810de68}> (0x000000074810de68) thrown at [t:/workspace/open/src/hotspot/share/prims/jni.cpp, line 615]
Event: 1031.439 Thread 0x000001c81cdb1000 Implicit null exception at 0x000001c82aac908e to 0x000001c82aacafd6
Event: 1031.570 Thread 0x000001c81caa8000 Exception <a 'java/io/FileNotFoundException'{0x00000007496270d0}> (0x00000007496270d0) thrown at [t:/workspace/open/src/hotspot/share/prims/jni.cpp, line 615]

Events (10 events):
Event: 1032.901 Thread 0x000001c81caa8000 DEOPT UNPACKING pc=0x000001c8226291af sp=0x00000071ac3f1f70 mode 2
Event: 1032.920 loading class com/jidesoft/grid/TableUtils$ColumnSelectionRow
Event: 1032.920 loading class com/jidesoft/grid/TableUtils$ColumnSelectionRow done
Event: 1032.922 Thread 0x000001c81caa8000 Uncommon trap: trap_request=0xffffff4d fr.pc=0x000001c82ab4e878 relative=0x00000000000000b8
Event: 1032.922 Thread 0x000001c81caa8000 DEOPT PACKING pc=0x000001c82ab4e878 sp=0x00000071ac3f6510
Event: 1032.922 Thread 0x000001c81caa8000 DEOPT UNPACKING pc=0x000001c8226291af sp=0x00000071ac3f64a0 mode 2
Event: 1033.478 Thread 0x000001c81cdb3800 Thread added: 0x000001c81cdb3800
Event: 1033.483 Thread 0x000001c81cdb3800 Thread exited: 0x000001c81cdb3800
Event: 1034.479 Thread 0x000001c81cdb3800 Thread added: 0x000001c81cdb3800
Event: 1034.493 Thread 0x000001c81cdb3800 Thread exited: 0x000001c81cdb3800


Dynamic libraries:
0x00007ff6b61c0000 - 0x00007ff6b61ef000 	C:\Xilinx\Vivado\2020.2\bin\unwrapped\win64.o\vivado.exe
0x00007ff82cf50000 - 0x00007ff82d145000 	C:\WINDOWS\SYSTEM32\ntdll.dll
0x00007ff82ce50000 - 0x00007ff82cf0e000 	C:\WINDOWS\System32\KERNEL32.DLL
0x00007ff82ac60000 - 0x00007ff82af28000 	C:\WINDOWS\System32\KERNELBASE.dll
0x00007ff82a880000 - 0x00007ff82a980000 	C:\WINDOWS\System32\ucrtbase.dll
0x00007ff81c400000 - 0x00007ff81c48d000 	C:\WINDOWS\SYSTEM32\MSVCP140.dll
0x00007ff81c3e0000 - 0x00007ff81c3fb000 	C:\WINDOWS\SYSTEM32\VCRUNTIME140.dll
0x00007ff81bdc0000 - 0x00007ff81bdcc000 	C:\WINDOWS\SYSTEM32\VCRUNTIME140_1.dll
0x00007ff824c60000 - 0x00007ff824c73000 	C:\Xilinx\Vivado\2020.2\lib\win64.o\libboost_signals.dll
0x00007ff824c40000 - 0x00007ff824c58000 	C:\Xilinx\Vivado\2020.2\lib\win64.o\librdi_commonmain.dll
0x00007ff824c10000 - 0x00007ff824c32000 	C:\Xilinx\Vivado\2020.2\lib\win64.o\libboost_filesystem.dll
0x00007ff82c180000 - 0x00007ff82c22e000 	C:\WINDOWS\System32\ADVAPI32.dll
0x00007ff82bcb0000 - 0x00007ff82bd4e000 	C:\WINDOWS\System32\msvcrt.dll
0x00007ff82b8e0000 - 0x00007ff82b97c000 	C:\WINDOWS\System32\sechost.dll
0x00007ff82bb80000 - 0x00007ff82bca5000 	C:\WINDOWS\System32\RPCRT4.dll
0x00007ff824c00000 - 0x00007ff824c09000 	C:\Xilinx\Vivado\2020.2\lib\win64.o\librdi_commonversion.dll
0x00007ff803c20000 - 0x00007ff803db9000 	C:\Xilinx\Vivado\2020.2\lib\win64.o\librdi_commonxillic.dll
0x00007ff82afc0000 - 0x00007ff82b160000 	C:\WINDOWS\System32\USER32.dll
0x00007ff82af30000 - 0x00007ff82af52000 	C:\WINDOWS\System32\win32u.dll
0x00007ff82c150000 - 0x00007ff82c17b000 	C:\WINDOWS\System32\GDI32.dll
0x00007ff82ab50000 - 0x00007ff82ac5b000 	C:\WINDOWS\System32\gdi32full.dll
0x00007ff82a9b0000 - 0x00007ff82aa4d000 	C:\WINDOWS\System32\msvcp_win.dll
0x00007ff82bd60000 - 0x00007ff82bdcb000 	C:\WINDOWS\System32\WS2_32.dll
0x00007ff82a980000 - 0x00007ff82a9a7000 	C:\WINDOWS\System32\bcrypt.dll
0x00000000580a0000 - 0x00000000581cb000 	C:\Xilinx\Vivado\2020.2\lib\win64.o\tcl85t.dll
0x00007ff824bf0000 - 0x00007ff824bf9000 	C:\Xilinx\Vivado\2020.2\lib\win64.o\libboost_system.dll
0x00007fffe9420000 - 0x00007fffe96fb000 	C:\Xilinx\Vivado\2020.2\lib\win64.o\libXil_lmgr11.dll
0x00007ff82b690000 - 0x00007ff82b76b000 	C:\WINDOWS\System32\COMDLG32.dll
0x00007ff82c980000 - 0x00007ff82ccd4000 	C:\WINDOWS\System32\combase.dll
0x00007ff82cd10000 - 0x00007ff82cdbd000 	C:\WINDOWS\System32\shcore.dll
0x00007ff82b630000 - 0x00007ff82b685000 	C:\WINDOWS\System32\SHLWAPI.dll
0x00007ff82c230000 - 0x00007ff82c974000 	C:\WINDOWS\System32\SHELL32.dll
0x00007ff82bab0000 - 0x00007ff82bb7d000 	C:\WINDOWS\System32\OLEAUT32.dll
0x00007ff82b980000 - 0x00007ff82baaa000 	C:\WINDOWS\System32\ole32.dll
0x00007ff82aa50000 - 0x00007ff82aab8000 	C:\WINDOWS\System32\WINTRUST.dll
0x00007ff82a720000 - 0x00007ff82a876000 	C:\WINDOWS\System32\CRYPT32.dll
0x00007ff803b00000 - 0x00007ff803c11000 	C:\Xilinx\Vivado\2020.2\lib\win64.o\libboost_regex.dll
0x00007fffe82a0000 - 0x00007fffe9417000 	C:\Xilinx\Vivado\2020.2\lib\win64.o\librdi_common.dll
0x00007ff81b720000 - 0x00007ff81b73a000 	C:\WINDOWS\SYSTEM32\NETAPI32.dll
0x00007fffecd20000 - 0x00007fffecdd0000 	C:\WINDOWS\WinSxS\amd64_microsoft.windows.common-controls_6595b64144ccf1df_5.82.19041.1110_none_792d1c772443f647\COMCTL32.dll
0x00007ff821010000 - 0x00007ff82102d000 	C:\WINDOWS\SYSTEM32\dhcpcsvc.DLL
0x00007ff817060000 - 0x00007ff817069000 	C:\WINDOWS\SYSTEM32\WSOCK32.dll
0x00007ff824be0000 - 0x00007ff824bf0000 	C:\Xilinx\Vivado\2020.2\lib\win64.o\libboost_date_time.dll
0x00007ff824bc0000 - 0x00007ff824bde000 	C:\Xilinx\Vivado\2020.2\lib\win64.o\libboost_thread.dll
0x00007fffeab50000 - 0x00007fffeabc3000 	C:\Xilinx\Vivado\2020.2\lib\win64.o\libboost_program_options.dll
0x00007ff824bb0000 - 0x00007ff824bbc000 	C:\Xilinx\Vivado\2020.2\lib\win64.o\libboost_xilinx.dll
0x00007fffe8210000 - 0x00007fffe8292000 	C:\Xilinx\Vivado\2020.2\lib\win64.o\libhdlpsolve.dll
0x00007fffe7c00000 - 0x00007fffe7f6e000 	C:\Xilinx\Vivado\2020.2\lib\win64.o\libCOIN-all.dll
0x00007fffe8160000 - 0x00007fffe8205000 	C:\Xilinx\Vivado\2020.2\lib\win64.o\libhdxml.dll
0x00007ff824b80000 - 0x00007ff824ba8000 	C:\Xilinx\Vivado\2020.2\lib\win64.o\libisl_sysinfo.dll
0x00007fffea0b0000 - 0x00007fffea115000 	C:\Xilinx\Vivado\2020.2\lib\win64.o\liblmx6.0.dll
0x00007ff824500000 - 0x00007ff82451a000 	C:\Xilinx\Vivado\2020.2\lib\win64.o\pthreadVC2.dll
0x00007ff8244e0000 - 0x00007ff8244fc000 	C:\Xilinx\Vivado\2020.2\lib\win64.o\librdiconfig.dll
0x00007ff803ad0000 - 0x00007ff803af1000 	C:\Xilinx\Vivado\2020.2\lib\win64.o\librdizlib.dll
0x00007ff815fe0000 - 0x00007ff8164b6000 	C:\WINDOWS\SYSTEM32\WININET.dll
0x00007ff823b00000 - 0x00007ff823c09000 	C:\WINDOWS\SYSTEM32\WINHTTP.dll
0x00007ff813940000 - 0x00007ff813b2c000 	C:\WINDOWS\SYSTEM32\urlmon.dll
0x0000000012000000 - 0x0000000012270000 	C:\Xilinx\Vivado\2020.2\lib\win64.o\xerces-c_3_1.dll
0x00007fffe6e00000 - 0x00007fffe7bf2600 	C:\Xilinx\Vivado\2020.2\lib\win64.o\libisl_iostreams.dll
0x00007ff813f00000 - 0x00007ff8141b1000 	C:\WINDOWS\SYSTEM32\iertutil.dll
0x00007ff81b6f0000 - 0x00007ff81b718000 	C:\WINDOWS\SYSTEM32\srvcli.dll
0x00007ff829b60000 - 0x00007ff829b6c000 	C:\WINDOWS\SYSTEM32\netutils.dll
0x00007ff8244b0000 - 0x00007ff8244bc000 	C:\Xilinx\Vivado\2020.2\lib\win64.o\libboost_chrono.dll
0x00007ffffb1b0000 - 0x00007ffffb1e1000 	C:\WINDOWS\SYSTEM32\VCOMP140.DLL
0x00007ffffd1b0000 - 0x00007ffffd1c6000 	C:\Xilinx\Vivado\2020.2\lib\win64.o\libboost_iostreams.dll
0x00007ffff9870000 - 0x00007ffff9893000 	C:\Xilinx\Vivado\2020.2\lib\win64.o\libisl_iosutils.dll
0x00007fffe4ee0000 - 0x00007fffe6df7000 	C:\Xilinx\Vivado\2020.2\lib\win64.o\gurobi90.dll
0x00007ff82b7a0000 - 0x00007ff82b7f6000 	C:\WINDOWS\System32\WLDAP32.dll
0x00007ff82bd50000 - 0x00007ff82bd58000 	C:\WINDOWS\System32\Normaliz.dll
0x00007ff829d60000 - 0x00007ff829dca000 	C:\WINDOWS\SYSTEM32\MSWSOCK.DLL
0x00007ff82b770000 - 0x00007ff82b7a0000 	C:\WINDOWS\System32\IMM32.DLL
0x00007ff82a180000 - 0x00007ff82a192000 	C:\WINDOWS\SYSTEM32\MSASN1.dll
0x00007ff828580000 - 0x00007ff828592000 	C:\WINDOWS\SYSTEM32\kernel.appcore.dll
0x00007fffd9cf0000 - 0x00007fffda212000 	C:\Xilinx\Vivado\2020.2\lib\win64.o\librdi_commontasks.dll
0x00007ff821030000 - 0x00007ff82103a000 	C:\WINDOWS\SYSTEM32\VERSION.dll
0x00007fffe4c00000 - 0x00007fffe4ed5000 	C:\Xilinx\Vivado\2020.2\lib\win64.o\librdi_sio.dll
0x00007ff829a50000 - 0x00007ff829a8b000 	C:\WINDOWS\SYSTEM32\IPHLPAPI.DLL
0x00007fffd91c0000 - 0x00007fffd9ce3000 	C:\Xilinx\Vivado\2020.2\tps\win64\jre11.0.2\bin\server\jvm.dll
0x00007ff82cd00000 - 0x00007ff82cd08000 	C:\WINDOWS\System32\PSAPI.DLL
0x00007ff818370000 - 0x00007ff818397000 	C:\WINDOWS\SYSTEM32\WINMM.dll
0x00007ff828780000 - 0x00007ff828f14000 	C:\WINDOWS\SYSTEM32\windows.storage.dll
0x00007ff82a000000 - 0x00007ff82a02c000 	C:\WINDOWS\SYSTEM32\Wldp.dll
0x00007fffd4d20000 - 0x00007fffd77de000 	C:\Xilinx\Vivado\2020.2\lib\win64.o\librdi_tcltasks.dll
0x00007fffd4ca0000 - 0x00007fffd4d1e000 	C:\Xilinx\Vivado\2020.2\lib\win64.o\librdi_boarddep.dll
0x00007fffd4ae0000 - 0x00007fffd4c93000 	C:\Xilinx\Vivado\2020.2\lib\win64.o\librdi_board.dll
0x00007fffd49e0000 - 0x00007fffd4ad6000 	C:\Xilinx\Vivado\2020.2\lib\win64.o\librdi_chipscope.dll
0x00007fffd4530000 - 0x00007fffd49d6000 	C:\Xilinx\Vivado\2020.2\lib\win64.o\librdi_bitstream.dll
0x00007fffd43c0000 - 0x00007fffd4521000 	C:\Xilinx\Vivado\2020.2\lib\win64.o\librdi_containers.dll
0x00007fffd41d0000 - 0x00007fffd43ba000 	C:\Xilinx\Vivado\2020.2\lib\win64.o\librdi_chipscopeimpl.dll
0x00007fffd3ab0000 - 0x00007fffd41c8000 	C:\Xilinx\Vivado\2020.2\lib\win64.o\librdi_coregenipxact.dll
0x00007fffd1c80000 - 0x00007fffd3aac000 	C:\Xilinx\Vivado\2020.2\lib\win64.o\librdi_constraints.dll
0x00007fffcfe20000 - 0x00007fffd1b81000 	C:\Xilinx\Vivado\2020.2\lib\win64.o\librdi_designutils.dll
0x00007fffcfab0000 - 0x00007fffcfe18000 	C:\Xilinx\Vivado\2020.2\lib\win64.o\librdi_dlyest.dll
0x00007fffcf9f0000 - 0x00007fffcfaa3000 	C:\Xilinx\Vivado\2020.2\lib\win64.o\librdi_dsp.dll
0x00007fffcf390000 - 0x00007fffcf9ed000 	C:\Xilinx\Vivado\2020.2\lib\win64.o\librdi_drc.dll
0x00007fffccfd0000 - 0x00007fffcf38d000 	C:\Xilinx\Vivado\2020.2\lib\win64.o\librdi_coregen.dll
0x00007fffccf60000 - 0x00007fffccfcb000 	C:\Xilinx\Vivado\2020.2\lib\win64.o\librdi_hdf.dll
0x00007fffccc40000 - 0x00007fffccf5d000 	C:\Xilinx\Vivado\2020.2\lib\win64.o\librdi_guitools.dll
0x00007fffcc9c0000 - 0x00007fffccc37000 	C:\Xilinx\Vivado\2020.2\lib\win64.o\librdi_hip_devdesign.dll
0x00007fffcc2f0000 - 0x00007fffcc9b2000 	C:\Xilinx\Vivado\2020.2\lib\win64.o\librdi_filemgmt.dll
0x00007fffcc1a0000 - 0x00007fffcc2e7000 	C:\Xilinx\Vivado\2020.2\lib\win64.o\librdi_hip_perf_analysis.dll
0x00007fffd1c00000 - 0x00007fffd1c72000 	C:\Xilinx\Vivado\2020.2\lib\win64.o\librdi_memoryarray.dll
0x00007fffcbb50000 - 0x00007fffcc19c000 	C:\Xilinx\Vivado\2020.2\lib\win64.o\librdi_memdata.dll
0x00007fffcb420000 - 0x00007fffcbb4c000 	C:\Xilinx\Vivado\2020.2\lib\win64.o\librdi_netlist.dll
0x00007fffeaaf0000 - 0x00007fffeab44000 	C:\Xilinx\Vivado\2020.2\lib\win64.o\librdi_pfi.dll
0x00007fffc9840000 - 0x00007fffcb414000 	C:\Xilinx\Vivado\2020.2\lib\win64.o\librdi_implflow.dll
0x00007fffc94a0000 - 0x00007fffc983e000 	C:\Xilinx\Vivado\2020.2\lib\win64.o\librdi_platform.dll
0x00007fffc7050000 - 0x00007fffc9494000 	C:\Xilinx\Vivado\2020.2\lib\win64.o\librdi_mig.dll
0x00007fffc6830000 - 0x00007fffc7047000 	C:\Xilinx\Vivado\2020.2\lib\win64.o\librdi_power.dll
0x00007fffc6100000 - 0x00007fffc6822000 	C:\Xilinx\Vivado\2020.2\lib\win64.o\librdi_psta.dll
0x00007fffc2140000 - 0x00007fffc27b4000 	C:\Xilinx\Vivado\2020.2\lib\win64.o\librdi_project.dll
0x00007fffc1c10000 - 0x00007fffc213b000 	C:\Xilinx\Vivado\2020.2\lib\win64.o\librdi_runs.dll
0x00007fffc1400000 - 0x00007fffc1c0c000 	C:\Xilinx\Vivado\2020.2\lib\win64.o\librdi_rsb.dll
0x00007fffc12f0000 - 0x00007fffc13f9000 	C:\Xilinx\Vivado\2020.2\lib\win64.o\librdi_runsbase.dll
0x00007fffc1070000 - 0x00007fffc12e4000 	C:\Xilinx\Vivado\2020.2\lib\win64.o\librdi_simdata.dll
0x00007fffbde60000 - 0x00007fffc1067000 	C:\Xilinx\Vivado\2020.2\lib\win64.o\librdi_place.dll
0x00007fffbdd40000 - 0x00007fffbde56000 	C:\Xilinx\Vivado\2020.2\lib\win64.o\librdi_xhub.dll
0x00007fffbdc90000 - 0x00007fffbdd37000 	C:\Xilinx\Vivado\2020.2\lib\win64.o\librdi_xhubtasks.dll
0x00007fffbdaa0000 - 0x00007fffbdc8b000 	C:\Xilinx\Vivado\2020.2\lib\win64.o\librdi_advchipscopeimpl.dll
0x00007fffbcb10000 - 0x00007fffbda91000 	C:\Xilinx\Vivado\2020.2\lib\win64.o\librdi_timing.dll
0x00007fffa38c0000 - 0x00007fffbbe9f000 	C:\Xilinx\Vivado\2020.2\lib\win64.o\librdi_device.dll
0x00007fffbc9b0000 - 0x00007fffbc9f7000 	C:\Xilinx\Vivado\2020.2\lib\win64.o\libboost_serialization.dll
0x00007fffa37d0000 - 0x00007fffa38bb000 	C:\Xilinx\Vivado\2020.2\lib\win64.o\librdi_ipconfig_readwrite.dll
0x00007fffbc940000 - 0x00007fffbc9aa000 	C:\Xilinx\Vivado\2020.2\lib\win64.o\librdi_noc_frameworks.dll
0x00007fffa3280000 - 0x00007fffa37ce000 	C:\Xilinx\Vivado\2020.2\lib\win64.o\librdi_xdm.dll
0x00007fffa2f80000 - 0x00007fffa327b000 	C:\Xilinx\Vivado\2020.2\lib\win64.o\librdi_hip_config.dll
0x00007fffa2ef0000 - 0x00007fffa2f7d000 	C:\Xilinx\Vivado\2020.2\lib\win64.o\treelite_runtime.dll
0x00007fffa2e50000 - 0x00007fffa2eee000 	C:\Xilinx\Vivado\2020.2\lib\win64.o\libise.dll

dbghelp: loaded successfully - version: 4.0.5 - missing functions: none
symbol engine: initialized successfully - sym options: 0x614 - pdb path: .;C:\Xilinx\Vivado\2020.2\bin\unwrapped\win64.o;C:\WINDOWS\SYSTEM32;C:\Xilinx\Vivado\2020.2\lib\win64.o;C:\WINDOWS\WinSxS\amd64_microsoft.windows.common-controls_6595b64144ccf1df_5.82.19041.1110_none_792d1c772443f647;C:\Xilinx\Vivado\2020.2\tps\win64\jre11.0.2\bin\server;C:\Xilinx\Vivado\2020.2\tps\win64\python-3.8.3;C:\Xilinx\Vivado\2020.2\tps\win64\jre11.0.2\bin;C:\WINDOWS\WinSxS\amd64_microsoft.windows.common-controls_6595b64144ccf1df_6.0.19041.1110_none_60b5254171f9507e;C:\Program Files\Bonjour;C:\WINDOWS\WinSxS\amd64_microsoft.windows.gdiplus_6595b64144ccf1df_1.1.19041.1566_none_91a49058cc87e409

VM Arguments:
jvm_args: -Dsun.java2d.pmoffscreen=false -Dhttps.protocols=TLSv1,TLSv1.1,TLSv1.2 -Dsun.java2d.xrender=false -Dsun.java2d.d3d=false -Dsun.awt.nopixfmt=true -Dsun.java2d.dpiaware=true -Dsun.java2d.uiScale.enabled=false -Xverify:none -Dswing.aatext=true -XX:-UsePerfData -Djdk.map.althashing.threshold=512 -XX:StringTableSize=4072 --add-opens=java.base/java.nio=ALL-UNNAMED --add-opens=java.desktop/sun.swing=ALL-UNNAMED --add-opens=java.desktop/javax.swing=ALL-UNNAMED --add-opens=java.desktop/javax.swing.tree=ALL-UNNAMED --add-opens=java.desktop/javax.swing.plaf.basic=ALL-UNNAMED --add-opens=java.desktop/javax.swing.plaf.synth=ALL-UNNAMED --add-opens=java.desktop/com.sun.awt=ALL-UNNAMED -XX:NewSize=60m -XX:MaxNewSize=60m -Xms128m -Xmx3072m -Xss5m 
java_command: <unknown>
java_class_path (initial): C:/Xilinx/Vivado/2020.2\lib\classes\alloy.jar;C:/Xilinx/Vivado/2020.2\lib\classes\ArchiveSummary.jar;C:/Xilinx/Vivado/2020.2\lib\classes\autoesl-models.jar;C:/Xilinx/Vivado/2020.2\lib\classes\autopilot.scelaborator.jar;C:/Xilinx/Vivado/2020.2\lib\classes\autopilot.sourceprocessor.jar;C:/Xilinx/Vivado/2020.2\lib\classes\autopilot.tbprocessor.jar;C:/Xilinx/Vivado/2020.2\lib\classes\batik-anim.jar;C:/Xilinx/Vivado/2020.2\lib\classes\batik-awt-util.jar;C:/Xilinx/Vivado/2020.2\lib\classes\batik-bridge.jar;C:/Xilinx/Vivado/2020.2\lib\classes\batik-codec.jar;C:/Xilinx/Vivado/2020.2\lib\classes\batik-css.jar;C:/Xilinx/Vivado/2020.2\lib\classes\batik-dom.jar;C:/Xilinx/Vivado/2020.2\lib\classes\batik-ext.jar;C:/Xilinx/Vivado/2020.2\lib\classes\batik-gui-util.jar;C:/Xilinx/Vivado/2020.2\lib\classes\batik-gvt.jar;C:/Xilinx/Vivado/2020.2\lib\classes\batik-parser.jar;C:/Xilinx/Vivado/2020.2\lib\classes\batik-script.jar;C:/Xilinx/Vivado/2020.2\lib\classes\batik-svg-dom.jar;C:/Xilinx/Vivado/2020.2\lib\classes\batik-swing.jar;C:/Xilinx/Vivado/2020.2\lib\classes\batik-transcoder.jar;C:/Xilinx/Vivado/2020.2\lib\classes\batik-util.jar;C:/Xilinx/Vivado/2020.2\lib\classes\batik-xml.jar;C:/Xilinx/Vivado/2020.2\lib\classes\com.google.gson_2.8.2.v20180104-1110.jar;C:/Xilinx/Vivado/2020.2\lib\classes\com.google.guava_27.1.0.v20190517-1946.jar;C:/Xilinx/Vivado/2020.2\lib\classes\com.ibm.icu_4.4.2.v20110208.jar;C:/Xilinx/Vivado/2020.2\lib\classes\com.sigasi.hdt.connection_4.9.0.202009050929.jar;C:/Xilinx/Vivado/2020.2\lib\classes\com.sigasi.hdt.epl_4.9.0.202009050929.jar;C:/Xilinx/Vivado/2020.2\lib\classes\com.sigasi.hdt.project_4.9.0.202009050929.jar;C:/Xilinx/Vivado/2020.2\lib\classes\com.sigasi.hdt.readonlyfilesystem_4.9.0.202009050929.jar;C:/Xilinx/Vivado/2020.2\lib\classes\com.sigasi.lcm_4.9.0.202009050929.jar;C:/Xilinx/Vivado/2020.2\lib\classes\com.sigasi.sdk.client_4.9.0.202009050929.jar;C:/Xilinx/Vivado/2020.2\lib\classes\com.xilinx.hls.services.jar;C:/Xili
Launcher Type: generic

[Global flags]
     bool BytecodeVerificationLocal                = false                                     {product} {command line}
     bool BytecodeVerificationRemote               = false                                     {product} {command line}
     intx CICompilerCount                          = 3                                         {product} {ergonomic}
     uint ConcGCThreads                            = 1                                         {product} {ergonomic}
     uint G1ConcRefinementThreads                  = 4                                         {product} {ergonomic}
   size_t G1HeapRegionSize                         = 1048576                                   {product} {ergonomic}
    uintx GCDrainStackTargetSize                   = 64                                        {product} {ergonomic}
   size_t InitialHeapSize                          = 134217728                                 {product} {command line}
   size_t MarkStackSize                            = 4194304                                   {product} {ergonomic}
   size_t MaxHeapSize                              = 3221225472                                {product} {command line}
   size_t MaxNewSize                               = 62914560                                  {product} {command line}
   size_t MinHeapDeltaBytes                        = 1048576                                   {product} {ergonomic}
   size_t NewSize                                  = 62914560                                  {product} {command line}
    uintx NonNMethodCodeHeapSize                   = 5830092                                {pd product} {ergonomic}
    uintx NonProfiledCodeHeapSize                  = 122914074                              {pd product} {ergonomic}
    uintx ProfiledCodeHeapSize                     = 122914074                              {pd product} {ergonomic}
    uintx ReservedCodeCacheSize                    = 251658240                              {pd product} {ergonomic}
     bool SegmentedCodeCache                       = true                                      {product} {ergonomic}
    uintx StringTableSize                          = 4072                                      {product} {command line}
     intx ThreadStackSize                          = 5120                                   {pd product} {command line}
     bool UseCompressedClassPointers               = true                                 {lp64_product} {ergonomic}
     bool UseCompressedOops                        = true                                 {lp64_product} {ergonomic}
     bool UseG1GC                                  = true                                      {product} {ergonomic}
     bool UseLargePagesIndividualAllocation        = false                                  {pd product} {ergonomic}
     bool UsePerfData                              = false                                     {product} {command line}

Logging:
Log output configuration:
 #0: stdout all=warning uptime,level,tags
 #1: stderr all=off uptime,level,tags

Environment Variables:
PATH=C:/Xilinx/Vivado/2020.2/bin;C:/Xilinx/Vivado/2020.2/tps/win64/javafx-sdk-11.0.2/lib;C:/Xilinx/Vivado/2020.2/tps/win64/javafx-sdk-11.0.2/bin;C:/Xilinx/Vivado/2020.2/lib/win64.o;C:/Xilinx/Vivado/2020.2/tps/win64/jre11.0.2/bin/server;C:/Xilinx/Vivado/2020.2/tps/win64/jre11.0.2/bin;C:/Xilinx/Vivado/2020.2/ids_lite/ISE/bin/nt64;C:/Xilinx/Vivado/2020.2/ids_lite/ISE/lib/nt64;C:/Xilinx/Vitis_HLS/2020.2/bin;C:\Program Files (x86)\Microsoft SDKs\Azure\CLI2\wbin;C:\Program Files (x86)\Intel\iCLS Client\;C:\Program Files\Intel\iCLS Client\;C:\WINDOWS\system32;C:\WINDOWS;C:\WINDOWS\System32\Wbem;C:\WINDOWS\System32\WindowsPowerShell\v1.0\;C:\Program Files\Intel\WiFi\bin\;C:\Program Files\Common Files\Intel\WirelessCommon\;C:\Program Files (x86)\Intel\Intel(R) Management Engine Components\DAL;C:\Program Files\Intel\Intel(R) Management Engine Components\DAL;C:\Program Files (x86)\Intel\Intel(R) Management Engine Components\IPT;C:\Program Files\Intel\Intel(R) Management Engine Components\IPT;C:\WINDOWS\System32\OpenSSH\;C:\Program Files (x86)\Calibre2\;C:\Program Files\MATLAB\R2021b\runtime\win64;C:\Program Files\MATLAB\R2021b\bin;C:\Program Files\MATLAB\R2020b\bin;C:\Program Files\Git\cmd;C:\Users\Win10Admin\AppData\Local\Programs\Python\Python310\Scripts\;C:\Users\Win10Admin\AppData\Local\Programs\Python\Python310\;C:\Users\Win10Admin\AppData\Local\Microsoft\WindowsApps;C:\intelFPGA_lite\18.1\modelsim_ase\win32aloem;C:\intelFPGA_lite\21.1\questa_fse\win64;C:\Users\Win10Admin\AppData\Local\GitHubDesktop\bin;C:/Xilinx/Vivado/2020.2\tps\mingw\6.2.0\win64.o\nt\bin;C:/Xilinx/Vivado/2020.2\tps\mingw\6.2.0\win64.o\nt\libexec\gcc\x86_64-w64-mingw32\6.2.0;C:/Xilinx/Vivado/2020.2\tps\win64\python-3.8.3;C:/Xilinx/Vivado/2020.2\tps\win64\python-3.8.3\bin;C:/Xilinx/Vivado/2020.2\tps\win64\python-3.8.3\lib;C:/Xilinx/Vivado/2020.2\tps\win64\python-3.8.3\lib\site-packages
USERNAME=Win10Admin
OS=Windows_NT
PROCESSOR_IDENTIFIER=Intel64 Family 6 Model 78 Stepping 3, GenuineIntel



---------------  S Y S T E M  ---------------

OS: Windows 10 , 64 bit Build 19041 (10.0.19041.1566)

CPU:total 4 (initial active 4) (2 cores per cpu, 2 threads per core) family 6 model 78 stepping 3, cmov, cx8, fxsr, mmx, sse, sse2, sse3, ssse3, sse4.1, sse4.2, popcnt, avx, avx2, aes, clmul, erms, 3dnowpref, lzcnt, ht, tsc, tscinvbit, bmi1, bmi2, adx, fma

Memory: 4k page, system-wide physical 16275M (11433M free)
TotalPageFile size 18707M (AvailPageFile size 13644M)
current process WorkingSet (physical memory assigned to process): 764M, peak: 1005M
current process commit charge ("private bytes"): 773M, peak: 1015M

vm_info: OpenJDK 64-Bit Server VM (11.0.2+9) for windows-amd64 JRE (11.0.2+9), built on Jan 18 2019 05:23:22 by "mach5one" with MS VC++ 15.5 (VS2017)

END.
