Vivado Simulator 2020.2
Copyright 1986-1999, 2001-2020 Xilinx, Inc. All Rights Reserved.
Running: C:/Xilinx/Vivado/2020.2/bin/unwrapped/win64.o/xelab.exe -wto 01688a18fb6349ac85fe3b09858f19e4 --debug typical --relax --mt 2 -L xil_defaultlib -L ieee_proposed -L secureip --snapshot DNN_tb_behav xil_defaultlib.DNN_tb -log elaborate.log 
Using 2 slave threads.
Starting static elaboration
Completed static elaboration
Starting simulation data flow analysis
Completed simulation data flow analysis
Time Resolution for simulation is 1ps
Compiling package std.standard
Compiling package std.textio
Compiling package ieee.std_logic_1164
Compiling package ieee.numeric_std
Compiling package ieee.math_real
Compiling package ieee_proposed.fixed_pkg
Compiling package ieee.std_logic_textio
Compiling package xil_defaultlib.dnn_package
Compiling package synopsys.attributes
Compiling package ieee.std_logic_misc
Compiling architecture behavioral of entity xil_defaultlib.weight_memory [\weight_memory(rom_depth=784,rom...]
Compiling architecture unary_or of entity xil_defaultlib.unary_OR [\unary_OR(n=17)\]
Compiling architecture behavioral of entity xil_defaultlib.ReLU [\ReLU(data_width=32)\]
Compiling architecture behavioral of entity xil_defaultlib.neuron [\neuron(rom_width=32,rom_depth=7...]
Compiling architecture behavioral of entity xil_defaultlib.weight_memory [\weight_memory(rom_depth=784,rom...]
Compiling architecture behavioral of entity xil_defaultlib.neuron [\neuron(rom_width=32,rom_depth=7...]
Compiling architecture behavioral of entity xil_defaultlib.weight_memory [\weight_memory(rom_depth=784,rom...]
Compiling architecture behavioral of entity xil_defaultlib.neuron [\neuron(rom_width=32,rom_depth=7...]
Compiling architecture behavioral of entity xil_defaultlib.weight_memory [\weight_memory(rom_depth=784,rom...]
Compiling architecture behavioral of entity xil_defaultlib.neuron [\neuron(rom_width=32,rom_depth=7...]
Compiling architecture behavioral of entity xil_defaultlib.weight_memory [\weight_memory(rom_depth=784,rom...]
Compiling architecture behavioral of entity xil_defaultlib.neuron [\neuron(rom_width=32,rom_depth=7...]
Compiling architecture behavioral of entity xil_defaultlib.weight_memory [\weight_memory(rom_depth=784,rom...]
Compiling architecture behavioral of entity xil_defaultlib.neuron [\neuron(rom_width=32,rom_depth=7...]
Compiling architecture behavioral of entity xil_defaultlib.weight_memory [\weight_memory(rom_depth=784,rom...]
Compiling architecture behavioral of entity xil_defaultlib.neuron [\neuron(rom_width=32,rom_depth=7...]
Compiling architecture behavioral of entity xil_defaultlib.weight_memory [\weight_memory(rom_depth=784,rom...]
Compiling architecture behavioral of entity xil_defaultlib.neuron [\neuron(rom_width=32,rom_depth=7...]
Compiling architecture behavioral of entity xil_defaultlib.weight_memory [\weight_memory(rom_depth=784,rom...]
Compiling architecture behavioral of entity xil_defaultlib.neuron [\neuron(rom_width=32,rom_depth=7...]
Compiling architecture behavioral of entity xil_defaultlib.weight_memory [\weight_memory(rom_depth=784,rom...]
Compiling architecture behavioral of entity xil_defaultlib.neuron [\neuron(rom_width=32,rom_depth=7...]
Compiling architecture behavioral of entity xil_defaultlib.weight_memory [\weight_memory(rom_depth=784,rom...]
Compiling architecture behavioral of entity xil_defaultlib.neuron [\neuron(rom_width=32,rom_depth=7...]
Compiling architecture behavioral of entity xil_defaultlib.weight_memory [\weight_memory(rom_depth=784,rom...]
Compiling architecture behavioral of entity xil_defaultlib.neuron [\neuron(rom_width=32,rom_depth=7...]
Compiling architecture behavioral of entity xil_defaultlib.weight_memory [\weight_memory(rom_depth=784,rom...]
Compiling architecture behavioral of entity xil_defaultlib.neuron [\neuron(rom_width=32,rom_depth=7...]
Compiling architecture behavioral of entity xil_defaultlib.weight_memory [\weight_memory(rom_depth=784,rom...]
Compiling architecture behavioral of entity xil_defaultlib.neuron [\neuron(rom_width=32,rom_depth=7...]
Compiling architecture behavioral of entity xil_defaultlib.weight_memory [\weight_memory(rom_depth=784,rom...]
Compiling architecture behavioral of entity xil_defaultlib.neuron [\neuron(rom_width=32,rom_depth=7...]
Compiling architecture behavioral of entity xil_defaultlib.weight_memory [\weight_memory(rom_depth=784,rom...]
Compiling architecture behavioral of entity xil_defaultlib.neuron [\neuron(rom_width=32,rom_depth=7...]
Compiling architecture behavioral of entity xil_defaultlib.weight_memory [\weight_memory(rom_depth=784,rom...]
Compiling architecture behavioral of entity xil_defaultlib.neuron [\neuron(rom_width=32,rom_depth=7...]
Compiling architecture behavioral of entity xil_defaultlib.weight_memory [\weight_memory(rom_depth=784,rom...]
Compiling architecture behavioral of entity xil_defaultlib.neuron [\neuron(rom_width=32,rom_depth=7...]
Compiling architecture behavioral of entity xil_defaultlib.weight_memory [\weight_memory(rom_depth=784,rom...]
Compiling architecture behavioral of entity xil_defaultlib.neuron [\neuron(rom_width=32,rom_depth=7...]
Compiling architecture behavioral of entity xil_defaultlib.weight_memory [\weight_memory(rom_depth=784,rom...]
Compiling architecture behavioral of entity xil_defaultlib.neuron [\neuron(rom_width=32,rom_depth=7...]
Compiling architecture behavioral of entity xil_defaultlib.weight_memory [\weight_memory(rom_depth=784,rom...]
Compiling architecture behavioral of entity xil_defaultlib.neuron [\neuron(rom_width=32,rom_depth=7...]
Compiling architecture behavioral of entity xil_defaultlib.weight_memory [\weight_memory(rom_depth=784,rom...]
Compiling architecture behavioral of entity xil_defaultlib.neuron [\neuron(rom_width=32,rom_depth=7...]
Compiling architecture behavioral of entity xil_defaultlib.weight_memory [\weight_memory(rom_depth=784,rom...]
Compiling architecture behavioral of entity xil_defaultlib.neuron [\neuron(rom_width=32,rom_depth=7...]
Compiling architecture behavioral of entity xil_defaultlib.weight_memory [\weight_memory(rom_depth=784,rom...]
Compiling architecture behavioral of entity xil_defaultlib.neuron [\neuron(rom_width=32,rom_depth=7...]
Compiling architecture behavioral of entity xil_defaultlib.weight_memory [\weight_memory(rom_depth=784,rom...]
Compiling architecture behavioral of entity xil_defaultlib.neuron [\neuron(rom_width=32,rom_depth=7...]
Compiling architecture behavioral of entity xil_defaultlib.weight_memory [\weight_memory(rom_depth=784,rom...]
Compiling architecture behavioral of entity xil_defaultlib.neuron [\neuron(rom_width=32,rom_depth=7...]
Compiling architecture behavioral of entity xil_defaultlib.weight_memory [\weight_memory(rom_depth=784,rom...]
Compiling architecture behavioral of entity xil_defaultlib.neuron [\neuron(rom_width=32,rom_depth=7...]
Compiling architecture behavioral of entity xil_defaultlib.weight_memory [\weight_memory(rom_depth=784,rom...]
Compiling architecture behavioral of entity xil_defaultlib.neuron [\neuron(rom_width=32,rom_depth=7...]
Compiling architecture behavioral of entity xil_defaultlib.weight_memory [\weight_memory(rom_depth=784,rom...]
Compiling architecture behavioral of entity xil_defaultlib.neuron [\neuron(rom_width=32,rom_depth=7...]
Compiling architecture behavioral of entity xil_defaultlib.weight_memory [\weight_memory(rom_depth=784,rom...]
Compiling architecture behavioral of entity xil_defaultlib.neuron [\neuron(rom_width=32,rom_depth=7...]
Compiling architecture behavioral of entity xil_defaultlib.FSM_layer [\FSM_layer(rom_depth=784)\]
Compiling architecture behavioral of entity xil_defaultlib.layer [\layer(num_inputs=784,layer_no=1...]
Compiling architecture behavioral of entity xil_defaultlib.weight_memory [\weight_memory(rom_depth=30,rom_...]
Compiling architecture behavioral of entity xil_defaultlib.neuron [\neuron(rom_width=32,rom_depth=3...]
Compiling architecture behavioral of entity xil_defaultlib.weight_memory [\weight_memory(rom_depth=30,rom_...]
Compiling architecture behavioral of entity xil_defaultlib.neuron [\neuron(rom_width=32,rom_depth=3...]
Compiling architecture behavioral of entity xil_defaultlib.weight_memory [\weight_memory(rom_depth=30,rom_...]
Compiling architecture behavioral of entity xil_defaultlib.neuron [\neuron(rom_width=32,rom_depth=3...]
Compiling architecture behavioral of entity xil_defaultlib.weight_memory [\weight_memory(rom_depth=30,rom_...]
Compiling architecture behavioral of entity xil_defaultlib.neuron [\neuron(rom_width=32,rom_depth=3...]
Compiling architecture behavioral of entity xil_defaultlib.weight_memory [\weight_memory(rom_depth=30,rom_...]
Compiling architecture behavioral of entity xil_defaultlib.neuron [\neuron(rom_width=32,rom_depth=3...]
Compiling architecture behavioral of entity xil_defaultlib.weight_memory [\weight_memory(rom_depth=30,rom_...]
Compiling architecture behavioral of entity xil_defaultlib.neuron [\neuron(rom_width=32,rom_depth=3...]
Compiling architecture behavioral of entity xil_defaultlib.weight_memory [\weight_memory(rom_depth=30,rom_...]
Compiling architecture behavioral of entity xil_defaultlib.neuron [\neuron(rom_width=32,rom_depth=3...]
Compiling architecture behavioral of entity xil_defaultlib.weight_memory [\weight_memory(rom_depth=30,rom_...]
Compiling architecture behavioral of entity xil_defaultlib.neuron [\neuron(rom_width=32,rom_depth=3...]
Compiling architecture behavioral of entity xil_defaultlib.weight_memory [\weight_memory(rom_depth=30,rom_...]
Compiling architecture behavioral of entity xil_defaultlib.neuron [\neuron(rom_width=32,rom_depth=3...]
Compiling architecture behavioral of entity xil_defaultlib.weight_memory [\weight_memory(rom_depth=30,rom_...]
Compiling architecture behavioral of entity xil_defaultlib.neuron [\neuron(rom_width=32,rom_depth=3...]
Compiling architecture behavioral of entity xil_defaultlib.weight_memory [\weight_memory(rom_depth=30,rom_...]
Compiling architecture behavioral of entity xil_defaultlib.neuron [\neuron(rom_width=32,rom_depth=3...]
Compiling architecture behavioral of entity xil_defaultlib.weight_memory [\weight_memory(rom_depth=30,rom_...]
Compiling architecture behavioral of entity xil_defaultlib.neuron [\neuron(rom_width=32,rom_depth=3...]
Compiling architecture behavioral of entity xil_defaultlib.weight_memory [\weight_memory(rom_depth=30,rom_...]
Compiling architecture behavioral of entity xil_defaultlib.neuron [\neuron(rom_width=32,rom_depth=3...]
Compiling architecture behavioral of entity xil_defaultlib.weight_memory [\weight_memory(rom_depth=30,rom_...]
Compiling architecture behavioral of entity xil_defaultlib.neuron [\neuron(rom_width=32,rom_depth=3...]
Compiling architecture behavioral of entity xil_defaultlib.weight_memory [\weight_memory(rom_depth=30,rom_...]
Compiling architecture behavioral of entity xil_defaultlib.neuron [\neuron(rom_width=32,rom_depth=3...]
Compiling architecture behavioral of entity xil_defaultlib.weight_memory [\weight_memory(rom_depth=30,rom_...]
Compiling architecture behavioral of entity xil_defaultlib.neuron [\neuron(rom_width=32,rom_depth=3...]
Compiling architecture behavioral of entity xil_defaultlib.weight_memory [\weight_memory(rom_depth=30,rom_...]
Compiling architecture behavioral of entity xil_defaultlib.neuron [\neuron(rom_width=32,rom_depth=3...]
Compiling architecture behavioral of entity xil_defaultlib.weight_memory [\weight_memory(rom_depth=30,rom_...]
Compiling architecture behavioral of entity xil_defaultlib.neuron [\neuron(rom_width=32,rom_depth=3...]
Compiling architecture behavioral of entity xil_defaultlib.weight_memory [\weight_memory(rom_depth=30,rom_...]
Compiling architecture behavioral of entity xil_defaultlib.neuron [\neuron(rom_width=32,rom_depth=3...]
Compiling architecture behavioral of entity xil_defaultlib.weight_memory [\weight_memory(rom_depth=30,rom_...]
Compiling architecture behavioral of entity xil_defaultlib.neuron [\neuron(rom_width=32,rom_depth=3...]
Compiling architecture behavioral of entity xil_defaultlib.FSM_layer [\FSM_layer(rom_depth=30)\]
Compiling architecture behavioral of entity xil_defaultlib.layer [\layer(num_outputs=20,layer_no=2...]
Compiling architecture behavioral of entity xil_defaultlib.weight_memory [\weight_memory(rom_depth=20,rom_...]
Compiling architecture behavioral of entity xil_defaultlib.neuron [\neuron(rom_width=32,rom_depth=2...]
Compiling architecture behavioral of entity xil_defaultlib.weight_memory [\weight_memory(rom_depth=20,rom_...]
Compiling architecture behavioral of entity xil_defaultlib.neuron [\neuron(rom_width=32,rom_depth=2...]
Compiling architecture behavioral of entity xil_defaultlib.weight_memory [\weight_memory(rom_depth=20,rom_...]
Compiling architecture behavioral of entity xil_defaultlib.neuron [\neuron(rom_width=32,rom_depth=2...]
Compiling architecture behavioral of entity xil_defaultlib.weight_memory [\weight_memory(rom_depth=20,rom_...]
Compiling architecture behavioral of entity xil_defaultlib.neuron [\neuron(rom_width=32,rom_depth=2...]
Compiling architecture behavioral of entity xil_defaultlib.weight_memory [\weight_memory(rom_depth=20,rom_...]
Compiling architecture behavioral of entity xil_defaultlib.neuron [\neuron(rom_width=32,rom_depth=2...]
Compiling architecture behavioral of entity xil_defaultlib.weight_memory [\weight_memory(rom_depth=20,rom_...]
Compiling architecture behavioral of entity xil_defaultlib.neuron [\neuron(rom_width=32,rom_depth=2...]
Compiling architecture behavioral of entity xil_defaultlib.weight_memory [\weight_memory(rom_depth=20,rom_...]
Compiling architecture behavioral of entity xil_defaultlib.neuron [\neuron(rom_width=32,rom_depth=2...]
Compiling architecture behavioral of entity xil_defaultlib.weight_memory [\weight_memory(rom_depth=20,rom_...]
Compiling architecture behavioral of entity xil_defaultlib.neuron [\neuron(rom_width=32,rom_depth=2...]
Compiling architecture behavioral of entity xil_defaultlib.weight_memory [\weight_memory(rom_depth=20,rom_...]
Compiling architecture behavioral of entity xil_defaultlib.neuron [\neuron(rom_width=32,rom_depth=2...]
Compiling architecture behavioral of entity xil_defaultlib.weight_memory [\weight_memory(rom_depth=20,rom_...]
Compiling architecture behavioral of entity xil_defaultlib.neuron [\neuron(rom_width=32,rom_depth=2...]
Compiling architecture behavioral of entity xil_defaultlib.FSM_layer [\FSM_layer(rom_depth=20)\]
Compiling architecture behavioral of entity xil_defaultlib.layer [\layer(num_inputs=20,num_outputs...]
Compiling architecture behavioral of entity xil_defaultlib.DNN [dnn_default]
Compiling architecture behavioral of entity xil_defaultlib.dnn_tb
Built simulation snapshot DNN_tb_behav
