#-----------------------------------------------------------
# Vivado v2020.2 (64-bit)
# SW Build 3064766 on Wed Nov 18 09:12:45 MST 2020
# IP Build 3064653 on Wed Nov 18 14:17:31 MST 2020
# Start of session at: Sun Mar 27 19:32:08 2022
# Process ID: 5876
# Current directory: J:/My Drive/Thesis/DNN/vivado
# Command line: vivado.exe -gui_launcher_event rodinguilauncherevent8964 J:\My Drive\Thesis\DNN\vivado\DNN.xpr
# Log file: J:/My Drive/Thesis/DNN/vivado/vivado.log
# Journal file: J:/My Drive/Thesis/DNN/vivado\vivado.jou
#-----------------------------------------------------------
start_gui
open_project {J:/My Drive/Thesis/DNN/vivado/DNN.xpr}
INFO: [Project 1-313] Project file moved from 'J:/My Drive/Thesis/DNN/vivado/DNN' since last save.
WARNING: [filemgmt 56-2] Default IP Output Path : Could not find the directory 'J:/My Drive/Thesis/DNN/vivado/DNN.gen/sources_1', nor could it be found using path 'J:/My Drive/Thesis/DNN/vivado/DNN/DNN.gen/sources_1'.
Scanning sources...
Finished scanning sources
INFO: [IP_Flow 19-234] Refreshing IP repositories
INFO: [IP_Flow 19-1704] No user IP repositories specified
INFO: [IP_Flow 19-2313] Loaded Vivado IP repository 'C:/Xilinx/Vivado/2020.2/data/ip'.
open_project: Time (s): cpu = 00:00:18 ; elapsed = 00:00:08 . Memory (MB): peak = 1014.961 ; gain = 0.000
add_files -norecurse {{J:/My Drive/Thesis/DNN/src/fixed_pkg_2008.vhd}}
set_property library ieee_proposed [get_files  {{J:/My Drive/Thesis/DNN/src/fixed_pkg_2008.vhd}}]
add_files -norecurse {{J:/My Drive/Thesis/DNN/src/DNN_package.vhd}}
update_compile_order -fileset sources_1
update_compile_order -fileset sources_1
set_property file_type {VHDL 2008} [get_files  {{J:/My Drive/Thesis/DNN/src/fixed_pkg_2008.vhd}}]
set_property file_type {VHDL 2008} [get_files  {{J:/My Drive/Thesis/DNN/src/DNN_package.vhd}}]
update_compile_order -fileset sources_1
update_compile_order -fileset sources_1
add_files -norecurse {{J:/My Drive/Thesis/DNN/src/FSM_neuron.vhd} {J:/My Drive/Thesis/DNN/src/unary_or.vhd} {J:/My Drive/Thesis/DNN/src/ReLU.vhd} {J:/My Drive/Thesis/DNN/src/weight_memory.vhd} {J:/My Drive/Thesis/DNN/src/neuron.vhd}}
update_compile_order -fileset sources_1
set_property file_type {VHDL 2008} [get_files  {{J:/My Drive/Thesis/DNN/src/neuron.vhd}}]
update_compile_order -fileset sources_1
set_property file_type {VHDL 2008} [get_files  {{J:/My Drive/Thesis/DNN/src/weight_memory.vhd}}]
set_property file_type {VHDL 2008} [get_files  {{J:/My Drive/Thesis/DNN/src/FSM_neuron.vhd}}]
update_compile_order -fileset sources_1
set_property file_type {VHDL 2008} [get_files  {{J:/My Drive/Thesis/DNN/src/ReLU.vhd}}]
update_compile_order -fileset sources_1
set_property file_type {VHDL 2008} [get_files  {{J:/My Drive/Thesis/DNN/src/unary_or.vhd}}]
update_compile_order -fileset sources_1
set_property SOURCE_SET sources_1 [get_filesets sim_1]
add_files -fileset sim_1 -norecurse {{J:/My Drive/Thesis/DNN/tst/neuron_tb.vhd}}
update_compile_order -fileset sim_1
set_property file_type {VHDL 2008} [get_files  {{J:/My Drive/Thesis/DNN/tst/neuron_tb.vhd}}]
update_compile_order -fileset sim_1
set_property SOURCE_SET sources_1 [get_filesets sim_1]
add_files -fileset sim_1 -norecurse {{J:/My Drive/Thesis/DNN/tst/ReLU_tb.vhd} {J:/My Drive/Thesis/DNN/tst/weight_memory_tb.vhd}}
update_compile_order -fileset sim_1
set_property file_type {VHDL 2008} [get_files  {{J:/My Drive/Thesis/DNN/tst/ReLU_tb.vhd}}]
set_property file_type {VHDL 2008} [get_files  {{J:/My Drive/Thesis/DNN/tst/weight_memory_tb.vhd}}]
launch_simulation
Command: launch_simulation 
INFO: [Vivado 12-5682] Launching behavioral simulation in 'J:/My Drive/Thesis/DNN/vivado/DNN.sim/sim_1/behav/xsim'
INFO: [SIM-utils-51] Simulation object is 'sim_1'
INFO: [SIM-utils-54] Inspecting design source files for 'neuron_tb' in fileset 'sim_1'...
INFO: [USF-XSim-97] Finding global include files...
INFO: [USF-XSim-98] Fetching design files from 'sim_1'...
INFO: [USF-XSim-2] XSim::Compile design
INFO: [USF-XSim-61] Executing 'COMPILE and ANALYZE' step in 'J:/My Drive/Thesis/DNN/vivado/DNN.sim/sim_1/behav/xsim'
"xvhdl --incr --relax -prj neuron_tb_vhdl.prj"
INFO: [VRFC 10-163] Analyzing VHDL file "J:/My Drive/Thesis/DNN/src/DNN_package.vhd" into library xil_defaultlib
INFO: [VRFC 10-163] Analyzing VHDL file "J:/My Drive/Thesis/DNN/src/FSM_neuron.vhd" into library xil_defaultlib
INFO: [VRFC 10-3107] analyzing entity 'FSM_neuron'
INFO: [VRFC 10-163] Analyzing VHDL file "J:/My Drive/Thesis/DNN/src/fixed_pkg_2008.vhd" into library ieee_proposed
INFO: [VRFC 10-163] Analyzing VHDL file "J:/My Drive/Thesis/DNN/src/ReLU.vhd" into library xil_defaultlib
INFO: [VRFC 10-3107] analyzing entity 'ReLU'
INFO: [VRFC 10-163] Analyzing VHDL file "J:/My Drive/Thesis/DNN/src/neuron.vhd" into library xil_defaultlib
INFO: [VRFC 10-3107] analyzing entity 'neuron'
INFO: [VRFC 10-163] Analyzing VHDL file "J:/My Drive/Thesis/DNN/src/unary_or.vhd" into library xil_defaultlib
INFO: [VRFC 10-3107] analyzing entity 'unary_OR'
INFO: [VRFC 10-163] Analyzing VHDL file "J:/My Drive/Thesis/DNN/src/weight_memory.vhd" into library xil_defaultlib
INFO: [VRFC 10-3107] analyzing entity 'weight_memory'
INFO: [VRFC 10-163] Analyzing VHDL file "J:/My Drive/Thesis/DNN/tst/neuron_tb.vhd" into library xil_defaultlib
INFO: [VRFC 10-3107] analyzing entity 'neuron_tb'
INFO: [USF-XSim-69] 'compile' step finished in '3' seconds
INFO: [USF-XSim-3] XSim::Elaborate design
INFO: [USF-XSim-61] Executing 'ELABORATE' step in 'J:/My Drive/Thesis/DNN/vivado/DNN.sim/sim_1/behav/xsim'
"xelab -wto ba4302a9b4314945877ddc242259a43b --incr --debug typical --relax --mt 2 -L xil_defaultlib -L ieee_proposed -L secureip --snapshot neuron_tb_behav xil_defaultlib.neuron_tb -log elaborate.log"
Vivado Simulator 2020.2
Copyright 1986-1999, 2001-2020 Xilinx, Inc. All Rights Reserved.
Running: C:/Xilinx/Vivado/2020.2/bin/unwrapped/win64.o/xelab.exe -wto ba4302a9b4314945877ddc242259a43b --incr --debug typical --relax --mt 2 -L xil_defaultlib -L ieee_proposed -L secureip --snapshot neuron_tb_behav xil_defaultlib.neuron_tb -log elaborate.log 
Using 2 slave threads.
Starting static elaboration
Completed static elaboration
Starting simulation data flow analysis
Completed simulation data flow analysis
Time Resolution for simulation is 1ps
Compiling package std.standard
Compiling package std.textio
Compiling package ieee.std_logic_1164
Compiling package ieee.numeric_std
Compiling package ieee_proposed.fixed_pkg
Compiling package ieee.math_real
Compiling package ieee.std_logic_textio
Compiling package xil_defaultlib.dnn_package
Compiling package synopsys.attributes
Compiling package ieee.std_logic_misc
Compiling architecture behavioral of entity xil_defaultlib.weight_memory [\weight_memory(log_file="neuron_...]
Compiling architecture behavioral of entity xil_defaultlib.FSM_neuron [fsm_neuron_default]
Compiling architecture unary_or of entity xil_defaultlib.unary_OR [\unary_OR(n=3)\]
Compiling architecture behavioral of entity xil_defaultlib.ReLU [relu_default]
Compiling architecture behavioral of entity xil_defaultlib.neuron [\neuron(1,15)\]
Compiling architecture behavioral of entity xil_defaultlib.neuron_tb
Built simulation snapshot neuron_tb_behav

****** Webtalk v2020.2 (64-bit)
  **** SW Build 3064766 on Wed Nov 18 09:12:45 MST 2020
  **** IP Build 3064653 on Wed Nov 18 14:17:31 MST 2020
    ** Copyright 1986-2020 Xilinx, Inc. All Rights Reserved.

source J:/My -notrace
couldn't read file "J:/My": no such file or directory
INFO: [Common 17-206] Exiting Webtalk at Sun Mar 27 19:39:53 2022...
run_program: Time (s): cpu = 00:00:01 ; elapsed = 00:00:06 . Memory (MB): peak = 1014.961 ; gain = 0.000
INFO: [USF-XSim-69] 'elaborate' step finished in '7' seconds
INFO: [USF-XSim-4] XSim::Simulate design
INFO: [USF-XSim-61] Executing 'SIMULATE' step in 'J:/My Drive/Thesis/DNN/vivado/DNN.sim/sim_1/behav/xsim'
INFO: [USF-XSim-98] *** Running xsim
   with args "neuron_tb_behav -key {Behavioral:sim_1:Functional:neuron_tb} -tclbatch {neuron_tb.tcl} -log {simulate.log}"
INFO: [USF-XSim-8] Loading simulator feature
Vivado Simulator 2020.2
Time resolution is 1 ps
source neuron_tb.tcl
# set curr_wave [current_wave_config]
# if { [string length $curr_wave] == 0 } {
#   if { [llength [get_objects]] > 0} {
#     add_wave /
#     set_property needs_save false [current_wave_config]
#   } else {
#      send_msg_id Add_Wave-1 WARNING "No top level signals found. Simulator will start without a wave window. If you want to open a wave window go to 'File->New Waveform Configuration' or type 'create_wave_config' in the TCL console."
#   }
# }
# run 1000ns
Warning: FIXED_GENERIC_PKG.TO_SFIXED(REAL): vector truncated
Time: 0 ps  Iteration: 0  Process: /neuron_tb/line__75  File: J:/My Drive/Thesis/DNN/tst/neuron_tb.vhd
Warning: FIXED_GENERIC_PKG.TO_SFIXED(REAL): vector truncated
Time: 0 ps  Iteration: 1  Process: /neuron_tb/line__75  File: J:/My Drive/Thesis/DNN/tst/neuron_tb.vhd
INFO: [USF-XSim-96] XSim completed. Design snapshot 'neuron_tb_behav' loaded.
INFO: [USF-XSim-97] XSim simulation ran for 1000ns
launch_simulation: Time (s): cpu = 00:00:09 ; elapsed = 00:00:15 . Memory (MB): peak = 1014.961 ; gain = 0.000
open_wave_config {J:/My Drive/Thesis/DNN/vivado/neuron_tb_behav.wcfg}
relaunch_sim
Command: launch_simulation -simset sim_1 -mode behavioral
INFO: [Vivado 12-5682] Launching behavioral simulation in 'J:/My Drive/Thesis/DNN/vivado/DNN.sim/sim_1/behav/xsim'
INFO: [SIM-utils-51] Simulation object is 'sim_1'
INFO: [SIM-utils-54] Inspecting design source files for 'neuron_tb' in fileset 'sim_1'...
INFO: [USF-XSim-97] Finding global include files...
INFO: [USF-XSim-98] Fetching design files from 'sim_1'...
INFO: [USF-XSim-2] XSim::Compile design
INFO: [USF-XSim-61] Executing 'COMPILE and ANALYZE' step in 'J:/My Drive/Thesis/DNN/vivado/DNN.sim/sim_1/behav/xsim'
"xvhdl --incr --relax -prj neuron_tb_vhdl.prj"
INFO: [USF-XSim-69] 'compile' step finished in '3' seconds
Command: launch_simulation -simset sim_1 -mode behavioral
INFO: [Vivado 12-5682] Launching behavioral simulation in 'J:/My Drive/Thesis/DNN/vivado/DNN.sim/sim_1/behav/xsim'
INFO: [USF-XSim-3] XSim::Elaborate design
INFO: [USF-XSim-61] Executing 'ELABORATE' step in 'J:/My Drive/Thesis/DNN/vivado/DNN.sim/sim_1/behav/xsim'
"xelab -wto ba4302a9b4314945877ddc242259a43b --incr --debug typical --relax --mt 2 -L xil_defaultlib -L ieee_proposed -L secureip --snapshot neuron_tb_behav xil_defaultlib.neuron_tb -log elaborate.log"
Vivado Simulator 2020.2
Copyright 1986-1999, 2001-2020 Xilinx, Inc. All Rights Reserved.
Running: C:/Xilinx/Vivado/2020.2/bin/unwrapped/win64.o/xelab.exe -wto ba4302a9b4314945877ddc242259a43b --incr --debug typical --relax --mt 2 -L xil_defaultlib -L ieee_proposed -L secureip --snapshot neuron_tb_behav xil_defaultlib.neuron_tb -log elaborate.log 
Using 2 slave threads.
Starting static elaboration
Completed static elaboration
INFO: [XSIM 43-4323] No Change in HDL. Linking previously generated obj files to create kernel
INFO: [USF-XSim-69] 'elaborate' step finished in '3' seconds
Vivado Simulator 2020.2
Time resolution is 1 ps
Warning: FIXED_GENERIC_PKG.TO_SFIXED(REAL): vector truncated
Time: 0 ps  Iteration: 0  Process: /neuron_tb/line__75  File: J:/My Drive/Thesis/DNN/tst/neuron_tb.vhd
Warning: FIXED_GENERIC_PKG.TO_SFIXED(REAL): vector truncated
Time: 0 ps  Iteration: 1  Process: /neuron_tb/line__75  File: J:/My Drive/Thesis/DNN/tst/neuron_tb.vhd
relaunch_sim: Time (s): cpu = 00:00:02 ; elapsed = 00:00:12 . Memory (MB): peak = 1014.961 ; gain = 0.000
close_sim
INFO: [Simtcl 6-16] Simulation closed
exit
INFO: [Common 17-206] Exiting Vivado at Sun Mar 27 22:10:41 2022...
